[    0.000000] Initializing cgroup subsys cpuset
[    0.000000] Initializing cgroup subsys cpu
[    0.000000] Initializing cgroup subsys cpuacct
[    0.000000] Linux version 4.4.0-62-generic (buildd@lcy01-30) (gcc version 5.4.0 20160609 (Ubuntu 5.4.0-6ubuntu1~16.04.4) ) #83-Ubuntu SMP Wed Jan 18 14:10:15 UTC 2017 (Ubuntu 4.4.0-62.83-generic 4.4.40)
[    0.000000] Command line: BOOT_IMAGE=/boot/vmlinuz-4.4.0-62-generic root=UUID=9e3eb56f-ee2f-47aa-afaf-6f4e81766d8a ro console=tty1 console=ttyS0
[    0.000000] KERNEL supported cpus:
[    0.000000]   Intel GenuineIntel
[    0.000000]   AMD AuthenticAMD
[    0.000000]   Centaur CentaurHauls
[    0.000000] x86/fpu: xstate_offset[2]:  576, xstate_sizes[2]:  256
[    0.000000] x86/fpu: Supporting XSAVE feature 0x01: 'x87 floating point registers'
[    0.000000] x86/fpu: Supporting XSAVE feature 0x02: 'SSE registers'
[    0.000000] x86/fpu: Supporting XSAVE feature 0x04: 'AVX registers'
[    0.000000] x86/fpu: Enabled xstate features 0x7, context size is 832 bytes, using 'standard' format.
[    0.000000] x86/fpu: Using 'lazy' FPU context switches.
[    0.000000] e820: BIOS-provided physical RAM map:
[    0.000000] BIOS-e820: [mem 0x0000000000000000-0x000000000009fbff] usable
[    0.000000] BIOS-e820: [mem 0x000000000009fc00-0x000000000009ffff] reserved
[    0.000000] BIOS-e820: [mem 0x00000000000f0000-0x00000000000fffff] reserved
[    0.000000] BIOS-e820: [mem 0x0000000000100000-0x000000003ffeffff] usable
[    0.000000] BIOS-e820: [mem 0x000000003fff0000-0x000000003fffffff] ACPI data
[    0.000000] BIOS-e820: [mem 0x00000000fec00000-0x00000000fec00fff] reserved
[    0.000000] BIOS-e820: [mem 0x00000000fee00000-0x00000000fee00fff] reserved
[    0.000000] BIOS-e820: [mem 0x00000000fffc0000-0x00000000ffffffff] reserved
[    0.000000] NX (Execute Disable) protection: active
[    0.000000] SMBIOS 2.5 present.
[    0.000000] Hypervisor detected: KVM
[    0.000000] e820: last_pfn = 0x3fff0 max_arch_pfn = 0x400000000
[    0.000000] MTRR: Disabled
[    0.000000] x86/PAT: MTRRs disabled, skipping PAT initialization too.
[    0.000000] x86/PAT: Configuration [0-7]: WB  WT  UC- UC  WB  WT  UC- UC  
[    0.000000] CPU MTRRs all blank - virtualized system.
[    0.000000] found SMP MP-table at [mem 0x0009fff0-0x0009ffff] mapped at [ffff88000009fff0]
[    0.000000] Scanning 1 areas for low memory corruption
[    0.000000] RAMDISK: [mem 0x338e4000-0x35c69fff]
[    0.000000] ACPI: Early table checksum verification disabled
[    0.000000] ACPI: RSDP 0x00000000000E0000 000024 (v02 VBOX  )
[    0.000000] ACPI: XSDT 0x000000003FFF0030 00003C (v01 VBOX   VBOXXSDT 00000001 ASL  00000061)
[    0.000000] ACPI: FACP 0x000000003FFF00F0 0000F4 (v04 VBOX   VBOXFACP 00000001 ASL  00000061)
[    0.000000] ACPI: DSDT 0x000000003FFF0470 00210F (v01 VBOX   VBOXBIOS 00000002 INTL 20100528)
[    0.000000] ACPI: FACS 0x000000003FFF0200 000040
[    0.000000] ACPI: FACS 0x000000003FFF0200 000040
[    0.000000] ACPI: APIC 0x000000003FFF0240 00005C (v02 VBOX   VBOXAPIC 00000001 ASL  00000061)
[    0.000000] ACPI: SSDT 0x000000003FFF02A0 0001CC (v01 VBOX   VBOXCPUT 00000002 INTL 20100528)
[    0.000000] No NUMA configuration found
[    0.000000] Faking a node at [mem 0x0000000000000000-0x000000003ffeffff]
[    0.000000] NODE_DATA(0) allocated [mem 0x3ffeb000-0x3ffeffff]
[    0.000000] kvm-clock: Using msrs 4b564d01 and 4b564d00
[    0.000000] kvm-clock: cpu 0, msr 0:3ffe3001, primary cpu clock
[    0.000000] kvm-clock: using sched offset of 4070902860 cycles
[    0.000000] clocksource: kvm-clock: mask: 0xffffffffffffffff max_cycles: 0x1cd42e4dffb, max_idle_ns: 881590591483 ns
[    0.000000] Zone ranges:
[    0.000000]   DMA      [mem 0x0000000000001000-0x0000000000ffffff]
[    0.000000]   DMA32    [mem 0x0000000001000000-0x000000003ffeffff]
[    0.000000]   Normal   empty
[    0.000000]   Device   empty
[    0.000000] Movable zone start for each node
[    0.000000] Early memory node ranges
[    0.000000]   node   0: [mem 0x0000000000001000-0x000000000009efff]
[    0.000000]   node   0: [mem 0x0000000000100000-0x000000003ffeffff]
[    0.000000] Initmem setup node 0 [mem 0x0000000000001000-0x000000003ffeffff]
[    0.000000] ACPI: PM-Timer IO Port: 0x4008
[    0.000000] IOAPIC[0]: apic_id 2, version 32, address 0xfec00000, GSI 0-23
[    0.000000] ACPI: INT_SRC_OVR (bus 0 bus_irq 0 global_irq 2 dfl dfl)
[    0.000000] ACPI: INT_SRC_OVR (bus 0 bus_irq 9 global_irq 9 high level)
[    0.000000] Using ACPI (MADT) for SMP configuration information
[    0.000000] smpboot: Allowing 2 CPUs, 0 hotplug CPUs
[    0.000000] PM: Registered nosave memory: [mem 0x00000000-0x00000fff]
[    0.000000] PM: Registered nosave memory: [mem 0x0009f000-0x0009ffff]
[    0.000000] PM: Registered nosave memory: [mem 0x000a0000-0x000effff]
[    0.000000] PM: Registered nosave memory: [mem 0x000f0000-0x000fffff]
[    0.000000] e820: [mem 0x40000000-0xfebfffff] available for PCI devices
[    0.000000] Booting paravirtualized kernel on KVM
[    0.000000] clocksource: refined-jiffies: mask: 0xffffffff max_cycles: 0xffffffff, max_idle_ns: 7645519600211568 ns
[    0.000000] setup_percpu: NR_CPUS:512 nr_cpumask_bits:512 nr_cpu_ids:2 nr_node_ids:1
[    0.000000] PERCPU: Embedded 33 pages/cpu @ffff88003fc00000 s98264 r8192 d28712 u1048576
[    0.000000] PV qspinlock hash table entries: 256 (order: 0, 4096 bytes)
[    0.000000] Built 1 zonelists in Node order, mobility grouping on.  Total pages: 257913
[    0.000000] Policy zone: DMA32
[    0.000000] Kernel command line: BOOT_IMAGE=/boot/vmlinuz-4.4.0-62-generic root=UUID=9e3eb56f-ee2f-47aa-afaf-6f4e81766d8a ro console=tty1 console=ttyS0
[    0.000000] PID hash table entries: 4096 (order: 3, 32768 bytes)
[    0.000000] Memory: 976204K/1048120K available (8436K kernel code, 1291K rwdata, 3960K rodata, 1488K init, 1316K bss, 71916K reserved, 0K cma-reserved)
[    0.000000] SLUB: HWalign=64, Order=0-3, MinObjects=0, CPUs=2, Nodes=1
[    0.000000] Hierarchical RCU implementation.
[    0.000000] 	Build-time adjustment of leaf fanout to 64.
[    0.000000] 	RCU restricting CPUs from NR_CPUS=512 to nr_cpu_ids=2.
[    0.000000] RCU: Adjusting geometry for rcu_fanout_leaf=64, nr_cpu_ids=2
[    0.000000] NR_IRQS:33024 nr_irqs:440 16
[    0.000000] Console: colour VGA+ 80x25
[    0.000000] console [tty1] enabled
[    0.000000] console [ttyS0] enabled
[    0.000000] tsc: Detected 2903.998 MHz processor
[    1.684040] Calibrating delay loop (skipped) preset value.. 5807.99 BogoMIPS (lpj=11615992)
[    1.700955] pid_max: default: 32768 minimum: 301
[    1.704750] ACPI: Core revision 20150930
[    1.710977] ACPI: 2 ACPI AML tables successfully acquired and loaded
[    1.716773] Security Framework initialized
[    1.725488] Yama: becoming mindful.
[    1.754651] AppArmor: AppArmor initialized
[    1.763878] Dentry cache hash table entries: 131072 (order: 8, 1048576 bytes)
[    1.791738] Inode-cache hash table entries: 65536 (order: 7, 524288 bytes)
[    1.818251] Mount-cache hash table entries: 2048 (order: 2, 16384 bytes)
[    1.851318] Mountpoint-cache hash table entries: 2048 (order: 2, 16384 bytes)
[    1.864355] Initializing cgroup subsys io
[    1.883293] Initializing cgroup subsys memory
[    1.934443] Initializing cgroup subsys devices
[    1.935475] Initializing cgroup subsys freezer
[    1.944418] Initializing cgroup subsys net_cls
[    1.971161] Initializing cgroup subsys perf_event
[    1.980042] Initializing cgroup subsys net_prio
[    2.026428] Initializing cgroup subsys hugetlb
[    2.052323] Initializing cgroup subsys pids
[    2.063144] CPU: Physical Processor ID: 0
[    2.073649] CPU: Processor Core ID: 0
[    2.075615] mce: CPU supports 0 MCE banks
[    2.095282] Last level iTLB entries: 4KB 64, 2MB 8, 4MB 8
[    2.107545] Last level dTLB entries: 4KB 64, 2MB 0, 4MB 0, 1GB 4
[    2.110591] Freeing SMP alternatives memory: 32K (ffffffff820b8000 - ffffffff820c0000)
[    2.142292] ftrace: allocating 32065 entries in 126 pages
[    2.267718] smpboot: APIC(0) Converting physical 0 to logical package 0
[    2.296028] smpboot: Max logical packages: 1
[    2.315789] x2apic enabled
[    2.316765] Switched APIC routing to physical x2apic.
[    2.343517] ..TIMER: vector=0x30 apic1=0 pin1=2 apic2=-1 pin2=-1
[    2.486856] smpboot: CPU0: Intel(R) Core(TM) i5-6267U CPU @ 2.90GHz (family: 0x6, model: 0x4e, stepping: 0x3)
[    2.519925] Performance Events: unsupported p6 CPU model 78 no PMU driver, software events only.
[    2.554497] KVM setup paravirtual spinlock
[    2.567305] x86: Booting SMP configuration:
[    2.588531] .... node  #0, CPUs:      #1
[    2.600826] kvm-clock: cpu 1, msr 0:3ffe3041, secondary cpu clock
[    2.604090] mce: CPU supports 0 MCE banks
[    2.648209] x86: Booted up 1 node, 2 CPUs
[    2.669151] smpboot: Total of 2 processors activated (11615.99 BogoMIPS)
[    2.720052] devtmpfs: initialized
[    2.738800] evm: security.selinux
[    2.741861] evm: security.SMACK64
[    2.744865] evm: security.SMACK64EXEC
[    2.759735] evm: security.SMACK64TRANSMUTE
[    2.832924] evm: security.SMACK64MMAP
[    2.881218] evm: security.ima
[    2.899788] evm: security.capability
[    2.901636] clocksource: jiffies: mask: 0xffffffff max_cycles: 0xffffffff, max_idle_ns: 7645041785100000 ns
[    2.932221] pinctrl core: initialized pinctrl subsystem
[    2.933433] RTC time:  5:32:29, date: 02/04/17
[    2.940076] NET: Registered protocol family 16
[    2.954498] cpuidle: using governor ladder
[    2.970547] cpuidle: using governor menu
[    2.990024] PCCT header not found.
[    3.013049] ACPI: bus type PCI registered
[    3.016810] acpiphp: ACPI Hot Plug PCI Controller Driver version: 0.5
[    3.018544] PCI: Using configuration type 1 for base access
[    3.034690] ACPI: Added _OSI(Module Device)
[    3.035827] ACPI: Added _OSI(Processor Device)
[    3.038589] ACPI: Added _OSI(3.0 _SCP Extensions)
[    3.043218] ACPI: Added _OSI(Processor Aggregator Device)
[    3.053246] ACPI: Executed 1 blocks of module-level executable AML code
[    3.069068] ACPI: Interpreter enabled
[    3.072848] ACPI: (supports S0 S5)
[    3.074254] ACPI: Using IOAPIC for interrupt routing
[    3.083816] PCI: Using host bridge windows from ACPI; if necessary, use "pci=nocrs" and report a bug
[    3.126512] ACPI: PCI Root Bridge [PCI0] (domain 0000 [bus 00-ff])
[    3.141194] acpi PNP0A03:00: _OSC: OS supports [ASPM ClockPM Segments MSI]
[    3.142746] acpi PNP0A03:00: _OSC failed (AE_NOT_FOUND); disabling ASPM
[    3.145414] acpi PNP0A03:00: fail to add MMCONFIG information, can't access extended PCI configuration space under this bridge.
[    3.149961] PCI host bridge to bus 0000:00
[    3.152158] pci_bus 0000:00: root bus resource [io  0x0000-0x0cf7 window]
[    3.153896] pci_bus 0000:00: root bus resource [io  0x0d00-0xffff window]
[    3.156558] pci_bus 0000:00: root bus resource [mem 0x000a0000-0x000bffff window]
[    3.163070] pci_bus 0000:00: root bus resource [mem 0x40000000-0xffdfffff window]
[    3.166640] pci_bus 0000:00: root bus resource [bus 00-ff]
[    3.170409] pci 0000:00:01.1: legacy IDE quirk: reg 0x10: [io  0x01f0-0x01f7]
[    3.173283] pci 0000:00:01.1: legacy IDE quirk: reg 0x14: [io  0x03f6]
[    3.174859] pci 0000:00:01.1: legacy IDE quirk: reg 0x18: [io  0x0170-0x0177]
[    3.176249] pci 0000:00:01.1: legacy IDE quirk: reg 0x1c: [io  0x0376]
[    3.192242] pci 0000:00:07.0: quirk: [io  0x4000-0x403f] claimed by PIIX4 ACPI
[    3.200565] pci 0000:00:07.0: quirk: [io  0x4100-0x410f] claimed by PIIX4 SMB
[    3.210663] ACPI: PCI Interrupt Link [LNKA] (IRQs 5 9 10 *11)
[    3.216646] ACPI: PCI Interrupt Link [LNKB] (IRQs 5 9 10 *11)
[    3.233486] ACPI: PCI Interrupt Link [LNKC] (IRQs 5 9 *10 11)
[    3.251306] ACPI: PCI Interrupt Link [LNKD] (IRQs 5 *9 10 11)
[    3.253599] ACPI: Enabled 2 GPEs in block 00 to 07
[    3.257911] vgaarb: setting as boot device: PCI:0000:00:02.0
[    3.259168] vgaarb: device added: PCI:0000:00:02.0,decodes=io+mem,owns=io+mem,locks=none
[    3.279211] vgaarb: loaded
[    3.324504] vgaarb: bridge control possible 0000:00:02.0
[    3.365788] SCSI subsystem initialized
[    3.386622] ACPI: bus type USB registered
[    3.403901] usbcore: registered new interface driver usbfs
[    3.411159] usbcore: registered new interface driver hub
[    3.426698] usbcore: registered new device driver usb
[    3.429335] PCI: Using ACPI for IRQ routing
[    3.435974] NetLabel: Initializing
[    3.436803] NetLabel:  domain hash size = 128
[    3.438944] NetLabel:  protocols = UNLABELED CIPSOv4
[    3.440281] NetLabel:  unlabeled traffic allowed by default
[    3.461796] amd_nb: Cannot enumerate AMD northbridges
[    3.470997] clocksource: Switched to clocksource kvm-clock
[    3.486754] AppArmor: AppArmor Filesystem Enabled
[    3.614032] pnp: PnP ACPI init
[    3.650172] pnp: PnP ACPI: found 3 devices
[    3.676962] clocksource: acpi_pm: mask: 0xffffff max_cycles: 0xffffff, max_idle_ns: 2085701024 ns
[    3.689569] NET: Registered protocol family 2
[    3.707139] TCP established hash table entries: 8192 (order: 4, 65536 bytes)
[    3.774783] TCP bind hash table entries: 8192 (order: 5, 131072 bytes)
[    3.834561] TCP: Hash tables configured (established 8192 bind 8192)
[    3.842001] UDP hash table entries: 512 (order: 2, 16384 bytes)
[    3.855410] UDP-Lite hash table entries: 512 (order: 2, 16384 bytes)
[    3.864345] NET: Registered protocol family 1
[    3.876926] pci 0000:00:00.0: Limiting direct PCI/PCI transfers
[    3.896818] pci 0000:00:01.0: Activating ISA DMA hang workarounds
[    3.899818] Trying to unpack rootfs image as initramfs...
[    4.564027] Freeing initrd memory: 36376K (ffff8800338e4000 - ffff880035c6a000)
[    4.614508] platform rtc_cmos: registered platform RTC device (no PNP device found)
[    4.692473] Scanning for low memory corruption every 60 seconds
[    4.775034] futex hash table entries: 512 (order: 3, 32768 bytes)
[    4.783248] audit: initializing netlink subsys (disabled)
[    4.794270] audit: type=2000 audit(1486186353.195:1): initialized
[    4.799858] Initialise system trusted keyring
[    4.802702] HugeTLB registered 2 MB page size, pre-allocated 0 pages
[    4.814522] zbud: loaded
[    4.824618] VFS: Disk quotas dquot_6.6.0
[    4.829644] VFS: Dquot-cache hash table entries: 512 (order 0, 4096 bytes)
[    4.832835] squashfs: version 4.0 (2009/01/31) Phillip Lougher
[    4.855661] fuse init (API version 7.23)
[    4.908183] Key type big_key registered
[    4.922002] Allocating IMA MOK and blacklist keyrings.
[    5.002916] Key type asymmetric registered
[    5.030186] Asymmetric key parser 'x509' registered
[    5.037695] Block layer SCSI generic (bsg) driver version 0.4 loaded (major 249)
[    5.060142] io scheduler noop registered
[    5.066234] io scheduler deadline registered (default)
[    5.069501] io scheduler cfq registered
[    5.076626] pci_hotplug: PCI Hot Plug PCI Core version: 0.5
[    5.078106] pciehp: PCI Express Hot Plug Controller Driver version: 0.4
[    5.080004] ACPI: AC Adapter [AC] (on-line)
[    5.083955] input: Power Button as /devices/LNXSYSTM:00/LNXPWRBN:00/input/input0
[    5.099709] ACPI: Power Button [PWRF]
[    5.146688] input: Sleep Button as /devices/LNXSYSTM:00/LNXSLPBN:00/input/input1
[    5.289267] ACPI: Sleep Button [SLPF]
[    5.291644] GHES: HEST is not enabled!
[    5.294132] ACPI: Battery Slot [BAT0] (battery present)
[    5.300777] Serial: 8250/16550 driver, 32 ports, IRQ sharing enabled
[    5.345490] 00:02: ttyS0 at I/O 0x3f8 (irq = 4, base_baud = 115200) is a 16550A
[    5.368310] Linux agpgart interface v0.103
[    5.378475] brd: module loaded
[    5.383894] loop: module loaded
[    5.390286] scsi host0: ata_piix
[    5.393561] scsi host1: ata_piix
[    5.398932] ata1: PATA max UDMA/33 cmd 0x1f0 ctl 0x3f6 bmdma 0xd000 irq 14
[    5.400780] ata2: PATA max UDMA/33 cmd 0x170 ctl 0x376 bmdma 0xd008 irq 15
[    5.409760] libphy: Fixed MDIO Bus: probed
[    5.419228] tun: Universal TUN/TAP device driver, 1.6
[    5.439463] tun: (C) 1999-2004 Max Krasnyansky <maxk@qualcomm.com>
[    5.454186] PPP generic driver version 2.4.2
[    5.462396] ehci_hcd: USB 2.0 'Enhanced' Host Controller (EHCI) Driver
[    5.470711] ehci-pci: EHCI PCI platform driver
[    5.486608] ehci-platform: EHCI generic platform driver
[    5.496737] ohci_hcd: USB 1.1 'Open' Host Controller (OHCI) Driver
[    5.499233] ohci-pci: OHCI PCI platform driver
[    5.504524] ohci-platform: OHCI generic platform driver
[    5.515415] uhci_hcd: USB Universal Host Controller Interface driver
[    5.522179] i8042: PNP: PS/2 Controller [PNP0303:PS2K,PNP0f03:PS2M] at 0x60,0x64 irq 1,12
[    5.529415] serio: i8042 KBD port at 0x60,0x64 irq 1
[    5.537036] serio: i8042 AUX port at 0x60,0x64 irq 12
[    5.548391] mousedev: PS/2 mouse device common for all mice
[    5.551858] input: AT Translated Set 2 keyboard as /devices/platform/i8042/serio0/input/input2
[    5.555330] rtc_cmos rtc_cmos: rtc core: registered rtc_cmos as rtc0
[    5.557634] rtc_cmos rtc_cmos: alarms up to one day, 114 bytes nvram
[    5.559422] i2c /dev entries driver
[    5.560646] device-mapper: uevent: version 1.0.3
[    5.577429] device-mapper: ioctl: 4.34.0-ioctl (2015-10-28) initialised: dm-devel@redhat.com
[    5.583667] ledtrig-cpu: registered to indicate activity on CPUs
[    5.598832] NET: Registered protocol family 10
[    5.601786] NET: Registered protocol family 17
[    5.605613] Key type dns_resolver registered
[    5.608165] microcode: CPU0 sig=0x406e3, pf=0x2, revision=0x0
[    5.611094] microcode: CPU1 sig=0x406e3, pf=0x2, revision=0x0
[    5.634837] tsc: Refined TSC clocksource calibration: 2904.798 MHz
[    5.660951] clocksource: tsc: mask: 0xffffffffffffffff max_cycles: 0x29def76f6d6, max_idle_ns: 440795203671 ns
[    5.663304] microcode: Microcode Update Driver: v2.01 <tigran@aivazian.fsnet.co.uk>, Peter Oruba
[    5.663478] registered taskstats version 1
[    5.663497] Loading compiled-in X.509 certificates
[    5.664442] Loaded X.509 cert 'Build time autogenerated kernel key: a630254739635d6fdc487c9f0afa5d9a0ff04f04'
[    5.664477] zswap: loaded using pool lzo/zbud
[    5.721403] Key type trusted registered
[    5.730205] Key type encrypted registered
[    5.730215] AppArmor: AppArmor sha1 policy hashing enabled
[    5.730219] ima: No TPM chip found, activating TPM-bypass!
[    5.730248] evm: HMAC attrs: 0x1
[    5.730923]   Magic number: 5:280:516
[    5.733307] rtc_cmos rtc_cmos: setting system clock to 2017-02-04 05:32:31 UTC (1486186351)
[    5.734018] BIOS EDD facility v0.16 2004-Jun-25, 0 devices found
[    5.734018] EDD information not available.
[    5.808177] Freeing unused kernel memory: 1488K (ffffffff81f44000 - ffffffff820b8000)
[    5.825153] Write protecting the kernel read-only data: 14336k
[    5.853633] Freeing unused kernel memory: 1792K (ffff880001840000 - ffff880001a00000)
[    5.882694] Freeing unused kernel memory: 136K (ffff880001dde000 - ffff880001e00000)
Loading, please [    5.981436] random: systemd-udevd: uninitialized urandom read (16 bytes read, 5 bits of entropy available)
wait...
startin[    5.982433] random: udevadm: uninitialized urandom read (16 bytes read, 5 bits of entropy available)
g version 229
[    5.982466] random: udevadm: uninitialized urandom read (16 bytes read, 5 bits of entropy available)
[    5.982575] random: udevadm: uninitialized urandom read (16 bytes read, 5 bits of entropy available)
[    5.982637] random: udevadm: uninitialized urandom read (16 bytes read, 5 bits of entropy available)
[    5.982685] random: udevadm: uninitialized urandom read (16 bytes read, 5 bits of entropy available)
[    5.982899] random: udevadm: uninitialized urandom read (16 bytes read, 5 bits of entropy available)
[    5.983288] random: udevadm: uninitialized urandom read (16 bytes read, 5 bits of entropy available)
[    5.983364] random: udevadm: uninitialized urandom read (16 bytes read, 5 bits of entropy available)
[    5.983429] random: udevadm: uninitialized urandom read (16 bytes read, 5 bits of entropy available)
[    6.359370] ACPI: Video Device [GFX0] (multi-head: yes  rom: no  post: no)
[    6.369028] input: Video Bus as /devices/LNXSYSTM:00/LNXSYBUS:00/PNP0A03:00/LNXVIDEO:00/input/input4
[    6.400429] e1000: Intel(R) PRO/1000 Network Driver - version 7.3.21-k8-NAPI
[    6.414534] e1000: Copyright (c) 1999-2006 Intel Corporation.
[    6.437899] FUJITSU Extended Socket Network Device Driver - version 1.0 - Copyright (c) 2015 FUJITSU LIMITED
[    6.458850] AVX version of gcm_enc/dec engaged.
[    6.462942] AES CTR mode by8 optimization enabled
[    6.493670] Fusion MPT base driver 3.04.20
[    6.516849] Copyright (c) 1999-2008 LSI Corporation
[    6.555299] Fusion MPT SPI Host driver 3.04.20
[    6.627691] input: ImExPS/2 Generic Explorer Mouse as /devices/platform/i8042/serio1/input/input5
[    6.895184] e1000 0000:00:03.0 eth0: (PCI:33MHz:32-bit) 02:6d:90:52:c7:b2
[    6.953299] e1000 0000:00:03.0 eth0: Intel(R) PRO/1000 Network Connection
[    6.972415] e1000 0000:00:03.0 enp0s3: renamed from eth0
[    6.973823] mptbase: ioc0: Initiating bringup
[    7.039673] ioc0: LSI53C1030 A0: Capabilities={Initiator}
[    7.208828] scsi host2: ioc0: LSI53C1030 A0, FwRev=00000000h, Ports=1, MaxQ=256, IRQ=20
[    7.331890] scsi 2:0:0:0: Direct-Access     VBOX     HARDDISK         1.0  PQ: 0 ANSI: 5
[    7.367097] scsi target2:0:0: Beginning Domain Validation
[    7.377908] scsi target2:0:0: Domain Validation skipping write tests
[    7.383854] scsi target2:0:0: Ending Domain Validation
[    7.385252] scsi target2:0:0: asynchronous
[    7.389251] scsi 2:0:1:0: Direct-Access     VBOX     HARDDISK         1.0  PQ: 0 ANSI: 5
[    7.403532] scsi target2:0:1: Beginning Domain Validation
[    7.410057] scsi target2:0:1: Domain Validation skipping write tests
[    7.427266] scsi target2:0:1: Ending Domain Validation
[    7.439109] scsi target2:0:1: asynchronous
[    7.477754] sd 2:0:0:0: Attached scsi generic sg0 type 0
[    7.477859] sd 2:0:0:0: [sda] 20971520 512-byte logical blocks: (10.7 GB/10.0 GiB)
[    7.491831] sd 2:0:1:0: Attached scsi generic sg1 type 0
[    7.494537] sd 2:0:0:0: [sda] Write Protect is off
[    7.503464] sd 2:0:1:0: [sdb] 20480 512-byte logical blocks: (10.5 MB/10.0 MiB)
[    7.513396] sd 2:0:0:0: [sda] Incomplete mode parameter data
[    7.520030] sd 2:0:1:0: [sdb] Write Protect is off
[    7.520489] sd 2:0:1:0: [sdb] Incomplete mode parameter data
[    7.520491] sd 2:0:1:0: [sdb] Assuming drive cache: write through
[    7.524771] sd 2:0:1:0: [sdb] Attached SCSI disk
[    7.580040] sd 2:0:0:0: [sda] Assuming drive cache: write through
[    7.607573]  sda: sda1
[    7.611891] sd 2:0:0:0: [sda] Attached SCSI disk
[    9.461723] floppy0: no floppy controllers found
Begin: Loading e[   11.004748] md: linear personality registered for level -1
ssential drivers ... [   11.066487] md: multipath personality registered for level -4
[   11.129410] md: raid0 personality registered for level 0
[   11.144704] md: raid1 personality registered for level 1
[   11.267276] raid6: sse2x1   gen()  2864 MB/s
[   11.355718] raid6: sse2x1   xor()  2049 MB/s
[   11.435160] raid6: sse2x2   gen()  3257 MB/s
[   11.511310] raid6: sse2x2   xor()  3284 MB/s
[   11.603285] raid6: sse2x4   gen()   815 MB/s
[   11.671300] raid6: sse2x4   xor()  3348 MB/s
[   11.679714] raid6: using algorithm sse2x2 gen() 3257 MB/s
[   11.684668] raid6: .... xor() 3284 MB/s, rmw enabled
[   11.693477] raid6: using ssse3x2 recovery algorithm
[   11.706079] xor: automatically using best checksumming function:
[   11.755147]    avx       :  6075.000 MB/sec
[   11.764492] async_tx: api initialized (async)
[   11.784294] md: raid6 personality registered for level 6
[   11.799142] md: raid5 personality registered for level 5
[   11.805863] md: raid4 personality registered for level 4
[   11.827444] md: raid10 personality registered for level 10
done.
Begin: Running /scripts/init-premount ... done.
Begin: Mounting root file system ... Begin: Running /scripts/local-top ... done.
Begin: Running /scripts/local-premount ... [   11.899270] Btrfs loaded
Scanning for Btrfs filesystems
done.
Warning: fsck no[   11.979363] EXT4-fs (sda1): mounted filesystem with ordered data mode. Opts: (null)
t present, so skipping root file system
done.
Begin: Running /scripts/local-bottom ... done.
Begin: Running /scripts/init-bottom ... done.
[   12.145254] systemd[1]: systemd 229 running in system mode. (+PAM +AUDIT +SELINUX +IMA +APPARMOR +SMACK +SYSVINIT +UTMP +LIBCRYPTSETUP +GCRYPT +GNUTLS +ACL +XZ -LZ4 +SECCOMP +BLKID +ELFUTILS +KMOD -IDN)
[   12.169897] systemd[1]: Detected virtualization oracle.
[   12.172376] systemd[1]: Detected architecture x86-64.

Welcome to [1mUbuntu 16.04.1 LTS[0m!

[   12.179013] systemd[1]: Set hostname to <ubuntu-xenial>.
[   12.421242] systemd[1]: Started Forward Password Requests to Wall Directory Watch.
[[0;32m  OK  [0m] Started Forward Password Requests to Wall Directory Watch.
[   12.429303] systemd[1]: Listening on Journal Socket (/dev/log).
[[0;32m  OK  [0m] Listening on Journal Socket (/dev/log).
[   12.436481] systemd[1]: Created slice User and Session Slice.
[[0;32m  OK  [0m] Created slice User and Session Slice.
[   12.453786] systemd[1]: Listening on Device-mapper event daemon FIFOs.
[[0;32m  OK  [0m] Listening on Device-mapper event daemon FIFOs.
[   12.471932] systemd[1]: Listening on Journal Audit Socket.
[[0;32m  OK  [0m] Listening on Journal Audit Socket.
[   12.485417] systemd[1]: Listening on udev Control Socket.
[[0;32m  OK  [0m] Listening on udev Control Socket.
[   12.503439] systemd[1]: Reached target Encrypted Volumes.
[[0;32m  OK  [0m] Reached target Encrypted Volumes.
[   12.572689] systemd[1]: Listening on udev Kernel Socket.
[[0;32m  OK  [0m] Listening on udev Kernel Socket.
[   12.610460] systemd[1]: Reached target Swap.
[[0;32m  OK  [0m] Reached target Swap.
[   12.696383] systemd[1]: Listening on Journal Socket.
[[0;32m  OK  [0m] Listening on Journal Socket.
[   12.728305] systemd[1]: Listening on LVM2 poll daemon socket.
[[0;32m  OK  [0m] Listening on LVM2 poll daemon socket.
[   12.738032] systemd[1]: Listening on /dev/initctl Compatibility Named Pipe.
[[0;32m  OK  [0m] Listening on /dev/initctl Compatibility Named Pipe.
[   12.776383] systemd[1]: Reached target User and Group Name Lookups.
[[0;32m  OK  [0m] Reached target User and Group Name Lookups.
[   12.923567] systemd[1]: Listening on LVM2 metadata daemon socket.
[[0;32m  OK  [0m] Listening on LVM2 metadata daemon socket.
[   12.963842] systemd[1]: Set up automount Arbitrary Executable File Formats File System Automount Point.
[[0;32m  OK  [0m] Set up automount Arbitrary Executab...ats File System Automount Point.
[   12.978527] systemd[1]: Created slice System Slice.
[[0;32m  OK  [0m] Created slice System Slice.
[   13.027337] systemd[1]: Starting Load Kernel Modules...
         [   13.131936] Loading iSCSI transport class v2.0-870.
Starting Load Kernel Modules...
[   13.175619] iscsi: registered transport (tcp)
[   13.196217] systemd[1]: Starting Uncomplicated firewall...
         Starting Uncomplicated firewall...
[   13.208371] systemd[1]: Starting Remount Root and Kernel File Systems...
         Starting Remount Root and Kernel File Systems...
[   13.239922] systemd[1]: Starting Monitoring of LVM2 mirrors, snapshots etc. using dmeventd or progress polling...
         Starting Monitor[   13.265963] EXT4-fs (sda1): re-mounted. Opts: (null)
ing of LVM2 mirrors... dmeventd [   13.415224] random: nonblocking pool is initialized
or progress polling...
[   13.449178] iscsi: registered transport (iser)
[   13.459289] systemd[1]: Starting Set console keymap...
         Starting Set console keymap...
[   13.487518] systemd[1]: Reached target Slices.
[[0;32m  OK  [0m] Reached target Slices.
[   13.532033] systemd[1]: Created slice system-serial\x2dgetty.slice.
[[0;32m  OK  [0m] Created slice system-serial\x2dgetty.slice.
[   13.571188] systemd[1]: Mounting Debug File System...
         Mounting Debug File System...
[   13.583382] systemd[1]: Mounting POSIX Message Queue File System...
         Mounting POSIX Message Queue File System...
[   13.599312] systemd[1]: Listening on Syslog Socket.
[[0;32m  OK  [0m] Listening on Syslog Socket.
[   13.655467] systemd[1]: Starting Journal Service...
         Starting Journal Service...
[   13.670000] systemd[1]: Mounting Huge Pages File System...
         Mounting Huge Pages File System...
[   13.690224] systemd[1]: Starting Create list of required static device nodes for the current kernel...
         Starting Create list of required st... nodes for the current kernel...
[   13.709068] systemd[1]: Starting Nameserver information manager...
         Starting Nameserver information manager...
[   13.725495] systemd[1]: Mounted Debug File System.
[[0;32m  OK  [0m] Mounted Debug File System.
[   13.729672] systemd[1]: Mounted POSIX Message Queue File System.
[[0;32m  OK  [0m] Mounted POSIX Message Queue File System.
[   13.732574] systemd[1]: Mounted Huge Pages File System.
[[0;32m  OK  [0m] Mounted Huge Pages File System.
[   13.738960] systemd[1]: Started Journal Service.
[[0;32m  OK  [0m] Started Journal Service.
[[0;32m  OK  [0m] Started Load Kernel Modules.
[[0;32m  OK  [0m] Started Uncomplicated firewall.
[[0;32m  OK  [0m] Started Remount Root and Kernel File Systems.
[[0;32m  OK  [0m] Started Set console keymap.
[[0;32m  OK  [0m] Started Create list of required sta...ce nodes for the current kernel.
[[0;32m  OK  [0m] Started Nameserver information manager.
[[0;32m  OK  [0m] Started LVM2 metadata daemon.
         Starting Create Static Device Nodes in /dev...
         Starting udev Coldplug all Devices...
         Starting Load/Save Random Seed...
         Starting Initial cloud-init job (pre-networking)...
         Starting Apply Kernel Variables...
         Mounting FUSE Control File System...
         Starting Flush Journal to Persistent Storage...
[[0;32m  OK  [0m] Mounted FUSE Control File System.
[[0;32m  OK  [0m] Started Create Static Device Nodes in /dev.
[[0;32m  OK  [0m] Started Load/Save Random Seed.
[[0;32m  OK  [0m] Started Apply Kernel Variables.
[[0;32m  OK  [0m] Started udev Coldplug all Devices.
[[0;32m  OK  [0m] Started Flush Journal to Persistent Storage.
         Starting udev Kernel Device Manager...
[[0;32m  OK  [0m] Started udev Kernel Device Manager.
[[0;32m  OK  [0m] Started Monitoring of LVM2 mirrors,...ng dmeventd or progress polling.
[[0;32m  OK  [0m] Reached target Local File Systems (Pre).
[[0;32m  OK  [0m] Reached target Local File Systems.
         Starting Tell Plymouth To Write Out Runtime Data...
         Starting Create Volatile Files and Directories...
         Starting LSB: AppArmor initialization...
         Starting Set console font and keymap...
[[0;32m  OK  [0m] Started Dispatch Password Requests to Console Directory Watch.
[[0;32m  OK  [0m] Started Tell Plymouth To Write Out Runtime Data.
[[0;32m  OK  [0m] Started Create Volatile Files and Directories.
[[0;32m  OK  [0m] Reached target System Time Synchronized.
         Starting Update UTMP about System Boot/Shutdown...
[   14.688143] intel_rapl: no valid rapl domains found in package 0
[[0;32m  OK  [0m] Started LSB: AppArmor initialization.
[[0;32m  OK  [0m] Found device /dev/ttyS0.
[[0;32m  OK  [0m] Started Update UTMP about System Boot/Shutdown.
[[0;32m  OK  [0m] Found device 82540EM Gigabit Ethern...r (PRO/1000 MT Desktop Adapter).
[[0;32m  OK  [0m] Started Set console font and keymap.
[[0;32m  OK  [0m] Created slice system-getty.slice.
[[0;32m  OK  [0m] Listening on Load/Save RF Kill Switch Status /dev/rfkill Watch.
[   12.706543] cloud-init[485]: Cloud-init v. 0.7.8 running 'init-local' at Sat, 04 Feb 2017 05:32:40 +0000. Up 12.10 seconds.
[[0;32m  OK  [0m] Started Initial cloud-init job (pre-networking).
[[0;32m  OK  [0m] Reached target Network (Pre).
         Starting Raise network interfaces...
[[0;32m  OK  [0m] Started ifup for enp0s3.
[[0;32m  OK  [0m] Reached target Sound Card.
[[0;32m  OK  [0m] Started Raise network interfaces.
         Starting Initial cloud-init job (metadata service crawler)...
[[0;32m  OK  [0m] Reached target Network.
[   15.672261] cloud-init[1075]: Cloud-init v. 0.7.8 running 'init' at Sat, 04 Feb 2017 05:32:44 +0000. Up 15.39 seconds.
[   15.708815] cloud-init[1075]: ci-info: +++++++++++++++++++++++++++++++++++++Net device info++++++++++++++++++++++++++++++++++++++
[   15.712978] cloud-init[1075]: ci-info: +--------+------+----------------------------+---------------+-------+-------------------+
[   15.716655] cloud-init[1075]: ci-info: | Device |  Up  |          Address           |      Mask     | Scope |     Hw-Address    |
[   15.734768] cloud-init[1075]: ci-info: +--------+------+----------------------------+---------------+-------+-------------------+
[   15.754341] cloud-init[1075]: ci-info: | enp0s3 | True |         10.0.2.15          | 255.255.255.0 |   .   | 02:6d:90:52:c7:b2 |
[[0;32m  OK  [0m] Started Initial cloud-init job (metadata service crawler).
[   15.773099] cloud-init[1075]: ci-info: | enp0s3 | True | fe80::6d:90ff:fe52:c7b2/64 |       .       |  link | 02:6d:90:52:c7:b2 |
[[0;32m  OK  [0m] Reached target System Initialization.
[   15.850310] cloud-init[1075]: ci-info: |   lo   | True |         127.0.0.1          |   255.0.0.0   |   .   |         .         |
[   15.914023] [cloud-init[0;32m  OK  [0m[1075]: ] ci-info: |   lo   | True |          ::1/128           |       .       |  host |         .         |Started Daily apt activities.

[[0;32m  OK  [0m] Listening on D-Bus System Message Bus Socket.
[[0;32m  OK  [0m] Listening on UUID daemon activation socket.
[   15.914978] cloud-init[1075]: ci-info: +--------+------+----------------------------+---------------+-------+-------------------+
[   16.032329] [[0;32m  OK  [0m] Started Timer to automatically refresh installed snaps.
[[0;32m  OK  [0m] Started Trigger resolvconf update for networkd DNS.
cloud-init[1075]: ci-info: +++++++++++++++++++++++++++Route IPv4 info++++++++++++++++++++++++++++
[   16.069442] cloud-init[1075]: ci-info: +-------+-------------+----------+---------------+-----------+-------+
         Starting Docker Socket for the API.
[   16.099929] [cloud-init[0;32m  OK  [0m[1075]: ] ci-info: | Route | Destination | Gateway  |    Genmask    | Interface | Flags |Listening on ACPID Listen Socket.

[   16.184803]          Starting LXD - unix socket.
cloud-init[1075]: ci-info: +-------+-------------+----------+---------------+-----------+-------+
[   16.229331] [[0;32m  OK  [0m] Started ACPI Events Check.
[[0;32m  OK  [0m] Reached target Paths.
         Starting Socket activation for snappy daemon.
[[0;32m  OK  [0m] Started Daily Cleanup of Temporary Directories.
[[0;32m  OK  [0m] Reached target Timers.
[[0;32m  OK  [0m] Reached target Network is Online.
cloud-init[1075]: ci-info: |   0   |   0.0.0.0   | 10.0.2.2 |    0.0.0.0    |   enp0s3  |   UG  |
         Starting iSCSI initiator daemon (iscsid)...
[[0;32m  OK  [0m] Reached target Cloud-config availability.
[[0;32m  OK  [0m] Listening on Docker Socket for the API.
[[0;32m  OK  [0m] Listening on LXD - unix socket.
[[0;32m  OK  [0m] Listening on Socket activation for snappy daemon.
[   16.251795] cloud-init[1075]: ci-info: |   1   |   10.0.2.0  | 0.0.0.0  | 255.255.255.0 |   enp0s3  |   U   |
[   16.260574] cloud-init[1075]: ci-info: +-------+-------------+----------+---------------+-----------+-------+
[[0;32m  OK  [0m] Reached target Sockets.
[[0;32m  OK  [0m] Reached target Basic System.
         Starting LSB: MD monitoring daemon...
         Starting Docker Application Container Engine...
[[0;32m  OK  [0m] Started FUSE filesystem for LXC.
         Starting /etc/rc.local Compatibility...
         Starting Thermal Daemon Service...
[[0;32m  OK  [0m] Started D-Bus System Message Bus.
[[0;32m  OK  [0m] Started Deferred execution scheduler.
         Starting Apply the settings specified in cloud-config...
[[0;32m  OK  [0m] Started ACPI event daemon.
         Starting LSB: Record successful boot for GRUB...
[[0;32m  OK  [0m] Started Regular background program processing daemon.
         Starting OpenBSD Secure Shell server...
         Starting Accounts Service...
         Starting System Logging Service...
[[0;32m  OK  [0m] Started Snappy daemon.
         Starting Auto import assertions from block devices...
         Starting Login Service...
         Starting LXD - container startup/shutdown...
[[0;32m  OK  [0m] Started /etc/rc.local Compatibility.
[[0;32m  OK  [0m] Started Thermal Daemon Service.
[[0;32m  OK  [0m] Started iSCSI initiator daemon (iscsid).
[[0;32m  OK  [0m] Started OpenBSD Secure Shell server.
[[0;32m  OK  [0m] Started System Logging Service.
[[0;32m  OK  [0m] Started LSB: MD monitoring daemon.
[[0;32m  OK  [0m] Started Auto import assertions from block devices.
[[0;32m  OK  [0m] Started LXD - container startup/shutdown.
[[0;32m  OK  [0m] Started LSB: Record successful boot for GRUB.
[[0;32m  OK  [0m] Started Login Service.
         Starting Authenticate and Authorize Users to Run Privileged Tasks...
         Starting Login to default iSCSI targets...
[[0;32m  OK  [0m] Started Authenticate and Authorize Users to Run Privileged Tasks.
[[0;32m  OK  [0m] Started Accounts Service.
[[0;32m  OK  [0m] Started Login to default iSCSI targets.
[[0;32m  OK  [0m] Reached target Remote File Systems (Pre).
[[0;32m  OK  [0m] Reached target Remote File Systems.
         Starting Permit User Sessions...
         Starting LSB: Set the CPU Frequency Scaling governor to "ondemand"...
         Starting LSB: automatic crash report generation...
         Starting LSB: Set up cgroupfs mounts....
         Starting LSB: daemon to balance interrupts for SMP systems...
         Starting LSB: VirtualBox Linux Additions...
[[0;32m  OK  [0m] Started Permit User Sessions.
[[0;32m  OK  [0m] Started LSB: Set up cgroupfs mounts..
[[0;32m  OK  [0m] Started LSB: Set the CPU Frequency Scaling governor to "ondemand".
[[0;32m  OK  [0m] Created slice User Slice of ubuntu.
[[0;32m  OK  [0m] Started Session 1 of user ubuntu.
         Starting User Manager for UID 1000...
         Starting Terminate Plymouth Boot Screen...
         Starting Hold until boot process finishes up...
[[0;32m  OK  [0m] Started User Manager for UID 1000.
[[0;32m  OK  [0m] Started LSB: automatic crash report generation.
[[0;32m  OK  [0m] Started LSB: daemon to balance interrupts for SMP systems.
[[0;32m  OK  [0m] Started Terminate Plymouth Boot Screen.
[[0;32m  OK  [0m] Started Hold until boot process finishes up.
         Starting Set console scheme...
[[0;32m  OK  [0m] Started Getty on tty1.
[[0;32m  OK  [0m] Started Serial Getty on ttyS0.
[[0;32m  OK  [0m] Reached target Login Prompts.
[[0;32m  OK  [0m] Started LSB: VirtualBox Linux Additions.
[[0;32m  OK  [0m] Started Set console scheme.
[   19.018613] cloud-init[1155]: Cloud-init v. 0.7.8 running 'modules:config' at Sat, 04 Feb 2017 05:32:47 +0000. Up 18.37 seconds.
[[0;32m  OK  [0m] Started Apply the settings specified in cloud-config.
[[0;32m  OK  [0m] Started Docker Application Container Engine.
[[0;32m  OK  [0m] Reached target Multi-User System.
[[0;32m  OK  [0m] Reached target Graphical Interface.
         Starting Update UTMP about System Runlevel Changes...
         Starting Execute cloud user/final scripts...
[[0;32m  OK  [0m] Started Update UTMP about System Runlevel Changes.
[   20.957376] cloud-init[1566]: Cloud-init v. 0.7.8 running 'modules:final' at Sat, 04 Feb 2017 05:32:49 +0000. Up 20.53 seconds.
[   20.989343] cloud-init[1566]: Cloud-init v. 0.7.8 finished at Sat, 04 Feb 2017 05:32:49 +0000. Datasource DataSourceNoCloud [seed=/dev/sdb][dsmode=net].  Up 20.91 seconds
[[0;32m  OK  [0m] Started Execute cloud user/final scripts.
[[0;32m  OK  [0m] Reached target Cloud-init target.

Ubuntu 16.04.1 LTS ubuntu-xenial ttyS0

ubuntu-xenial login: 