Arguments: 
  /Users/ktruong/.nvm/versions/node/v8.0.0/bin/node /Users/ktruong/.yarn/bin/yarn.js add rollup-plugin-babel

PATH: 
  /Users/ktruong/.yarn/bin:/Users/ktruong/.nvm/versions/node/v8.0.0/bin:/usr/local/bin/python3.6:/usr/local/bin:/usr/local/bin:/usr/bin:/bin:/usr/sbin:/sbin

Yarn version: 
  0.24.6

Node version: 
  8.0.0

Platform: 
  darwin x64

npm manifest: 
  {
    "name": "learn-rollup",
    "version": "0.0.0",
    "description": "This is an example project to accompany a tutorial on using Rollup.",
    "main": "build/js/main.min.js",
    "scripts": {
      "test": "echo \"Error: no test specified\" && exit 1"
    },
    "repository": {
      "type": "git",
      "url": "git+ssh://git@github.com/jlengstorf/learn-rollup.git"
    },
    "author": "Jason Lengstorf <jason@lengstorf.com> (@jlengstorf)",
    "license": "ISC",
    "bugs": {
      "url": "https://github.com/jlengstorf/learn-rollup/issues"
    },
    "homepage": "https://github.com/jlengstorf/learn-rollup#readme",
    "devDependencies": {
      "rollup": "^0.42.0"
    },
    "dependencies": {}
  }

yarn manifest: 
  No manifest

Lockfile: 
  # THIS IS AN AUTOGENERATED FILE. DO NOT EDIT THIS FILE DIRECTLY.
  # yarn lockfile v1

Trace: 
  Error: Hostname/IP doesn't match certificate's altnames: "Host: registry.yarnpkg.com. is not in the cert's altnames: DNS:secure.datavalet.io, DNS:www.secure.datavalet.io"
      at Object.checkServerIdentity (tls.js:221:17)
      at TLSSocket.<anonymous> (_tls_wrap.js:1104:29)
      at emitNone (events.js:105:13)
      at TLSSocket.emit (events.js:207:7)
      at TLSSocket._finishInit (_tls_wrap.js:628:8)
      at TLSWrap.ssl.onhandshakedone (_tls_wrap.js:458:38)
