[    0.000000] Initializing cgroup subsys cpuset
[    0.000000] Initializing cgroup subsys cpu
[    0.000000] Initializing cgroup subsys cpuacct
[    0.000000] Linux version 4.4.0-59-generic (buildd@lgw01-11) (gcc version 5.4.0 20160609 (Ubuntu 5.4.0-6ubuntu1~16.04.4) ) #80-Ubuntu SMP Fri Jan 6 17:47:47 UTC 2017 (Ubuntu 4.4.0-59.80-generic 4.4.35)
[    0.000000] Command line: BOOT_IMAGE=/boot/vmlinuz-4.4.0-59-generic root=LABEL=cloudimg-rootfs ro console=tty1 console=ttyS0
[    0.000000] KERNEL supported cpus:
[    0.000000]   Intel GenuineIntel
[    0.000000]   AMD AuthenticAMD
[    0.000000]   Centaur CentaurHauls
[    0.000000] x86/fpu: xstate_offset[2]:  576, xstate_sizes[2]:  256
[    0.000000] x86/fpu: Supporting XSAVE feature 0x01: 'x87 floating point registers'
[    0.000000] x86/fpu: Supporting XSAVE feature 0x02: 'SSE registers'
[    0.000000] x86/fpu: Supporting XSAVE feature 0x04: 'AVX registers'
[    0.000000] x86/fpu: Enabled xstate features 0x7, context size is 832 bytes, using 'standard' format.
[    0.000000] x86/fpu: Using 'lazy' FPU context switches.
[    0.000000] e820: BIOS-provided physical RAM map:
[    0.000000] BIOS-e820: [mem 0x0000000000000000-0x000000000009fbff] usable
[    0.000000] BIOS-e820: [mem 0x000000000009fc00-0x000000000009ffff] reserved
[    0.000000] BIOS-e820: [mem 0x00000000000f0000-0x00000000000fffff] reserved
[    0.000000] BIOS-e820: [mem 0x0000000000100000-0x000000003ffeffff] usable
[    0.000000] BIOS-e820: [mem 0x000000003fff0000-0x000000003fffffff] ACPI data
[    0.000000] BIOS-e820: [mem 0x00000000fec00000-0x00000000fec00fff] reserved
[    0.000000] BIOS-e820: [mem 0x00000000fee00000-0x00000000fee00fff] reserved
[    0.000000] BIOS-e820: [mem 0x00000000fffc0000-0x00000000ffffffff] reserved
[    0.000000] NX (Execute Disable) protection: active
[    0.000000] SMBIOS 2.5 present.
[    0.000000] Hypervisor detected: KVM
[    0.000000] e820: last_pfn = 0x3fff0 max_arch_pfn = 0x400000000
[    0.000000] MTRR: Disabled
[    0.000000] x86/PAT: MTRRs disabled, skipping PAT initialization too.
[    0.000000] x86/PAT: Configuration [0-7]: WB  WT  UC- UC  WB  WT  UC- UC  
[    0.000000] CPU MTRRs all blank - virtualized system.
[    0.000000] found SMP MP-table at [mem 0x0009fff0-0x0009ffff] mapped at [ffff88000009fff0]
[    0.000000] Scanning 1 areas for low memory corruption
[    0.000000] RAMDISK: [mem 0x36b68000-0x375abfff]
[    0.000000] ACPI: Early table checksum verification disabled
[    0.000000] ACPI: RSDP 0x00000000000E0000 000024 (v02 VBOX  )
[    0.000000] ACPI: XSDT 0x000000003FFF0030 00003C (v01 VBOX   VBOXXSDT 00000001 ASL  00000061)
[    0.000000] ACPI: FACP 0x000000003FFF00F0 0000F4 (v04 VBOX   VBOXFACP 00000001 ASL  00000061)
[    0.000000] ACPI: DSDT 0x000000003FFF0470 00210F (v01 VBOX   VBOXBIOS 00000002 INTL 20100528)
[    0.000000] ACPI: FACS 0x000000003FFF0200 000040
[    0.000000] ACPI: FACS 0x000000003FFF0200 000040
[    0.000000] ACPI: APIC 0x000000003FFF0240 00005C (v02 VBOX   VBOXAPIC 00000001 ASL  00000061)
[    0.000000] ACPI: SSDT 0x000000003FFF02A0 0001CC (v01 VBOX   VBOXCPUT 00000002 INTL 20100528)
[    0.000000] No NUMA configuration found
[    0.000000] Faking a node at [mem 0x0000000000000000-0x000000003ffeffff]
[    0.000000] NODE_DATA(0) allocated [mem 0x3ffeb000-0x3ffeffff]
[    0.000000] kvm-clock: Using msrs 4b564d01 and 4b564d00
[    0.000000] kvm-clock: cpu 0, msr 0:3ffe3001, primary cpu clock
[    0.000000] kvm-clock: using sched offset of 3340050612 cycles
[    0.000000] clocksource: kvm-clock: mask: 0xffffffffffffffff max_cycles: 0x1cd42e4dffb, max_idle_ns: 881590591483 ns
[    0.000000] Zone ranges:
[    0.000000]   DMA      [mem 0x0000000000001000-0x0000000000ffffff]
[    0.000000]   DMA32    [mem 0x0000000001000000-0x000000003ffeffff]
[    0.000000]   Normal   empty
[    0.000000]   Device   empty
[    0.000000] Movable zone start for each node
[    0.000000] Early memory node ranges
[    0.000000]   node   0: [mem 0x0000000000001000-0x000000000009efff]
[    0.000000]   node   0: [mem 0x0000000000100000-0x000000003ffeffff]
[    0.000000] Initmem setup node 0 [mem 0x0000000000001000-0x000000003ffeffff]
[    0.000000] ACPI: PM-Timer IO Port: 0x4008
[    0.000000] IOAPIC[0]: apic_id 2, version 32, address 0xfec00000, GSI 0-23
[    0.000000] ACPI: INT_SRC_OVR (bus 0 bus_irq 0 global_irq 2 dfl dfl)
[    0.000000] ACPI: INT_SRC_OVR (bus 0 bus_irq 9 global_irq 9 high level)
[    0.000000] Using ACPI (MADT) for SMP configuration information
[    0.000000] smpboot: Allowing 2 CPUs, 0 hotplug CPUs
[    0.000000] PM: Registered nosave memory: [mem 0x00000000-0x00000fff]
[    0.000000] PM: Registered nosave memory: [mem 0x0009f000-0x0009ffff]
[    0.000000] PM: Registered nosave memory: [mem 0x000a0000-0x000effff]
[    0.000000] PM: Registered nosave memory: [mem 0x000f0000-0x000fffff]
[    0.000000] e820: [mem 0x40000000-0xfebfffff] available for PCI devices
[    0.000000] Booting paravirtualized kernel on KVM
[    0.000000] clocksource: refined-jiffies: mask: 0xffffffff max_cycles: 0xffffffff, max_idle_ns: 7645519600211568 ns
[    0.000000] setup_percpu: NR_CPUS:512 nr_cpumask_bits:512 nr_cpu_ids:2 nr_node_ids:1
[    0.000000] PERCPU: Embedded 33 pages/cpu @ffff88003fc00000 s98264 r8192 d28712 u1048576
[    0.000000] PV qspinlock hash table entries: 256 (order: 0, 4096 bytes)
[    0.000000] Built 1 zonelists in Node order, mobility grouping on.  Total pages: 257913
[    0.000000] Policy zone: DMA32
[    0.000000] Kernel command line: BOOT_IMAGE=/boot/vmlinuz-4.4.0-59-generic root=LABEL=cloudimg-rootfs ro console=tty1 console=ttyS0
[    0.000000] PID hash table entries: 4096 (order: 3, 32768 bytes)
[    0.000000] Memory: 1002068K/1048120K available (8436K kernel code, 1291K rwdata, 3960K rodata, 1488K init, 1316K bss, 46052K reserved, 0K cma-reserved)
[    0.000000] SLUB: HWalign=64, Order=0-3, MinObjects=0, CPUs=2, Nodes=1
[    0.000000] Hierarchical RCU implementation.
[    0.000000] 	Build-time adjustment of leaf fanout to 64.
[    0.000000] 	RCU restricting CPUs from NR_CPUS=512 to nr_cpu_ids=2.
[    0.000000] RCU: Adjusting geometry for rcu_fanout_leaf=64, nr_cpu_ids=2
[    0.000000] NR_IRQS:33024 nr_irqs:440 16
[    0.000000] Console: colour VGA+ 80x25
[    0.000000] console [tty1] enabled
[    0.000000] console [ttyS0] enabled
[    0.000000] tsc: Detected 2903.998 MHz processor
[    3.005662] Calibrating delay loop (skipped) preset value.. 5807.99 BogoMIPS (lpj=11615992)
[    3.072779] pid_max: default: 32768 minimum: 301
[    3.128233] ACPI: Core revision 20150930
[    3.130060] ACPI: 2 ACPI AML tables successfully acquired and loaded
[    3.235530] Security Framework initialized
[    3.304976] Yama: becoming mindful.
[    3.345975] AppArmor: AppArmor initialized
[    3.401269] Dentry cache hash table entries: 131072 (order: 8, 1048576 bytes)
[    3.487962] Inode-cache hash table entries: 65536 (order: 7, 524288 bytes)
[    3.527911] Mount-cache hash table entries: 2048 (order: 2, 16384 bytes)
[    3.586862] Mountpoint-cache hash table entries: 2048 (order: 2, 16384 bytes)
[    3.653894] Initializing cgroup subsys io
[    3.693246] Initializing cgroup subsys memory
[    3.728570] Initializing cgroup subsys devices
[    3.794527] Initializing cgroup subsys freezer
[    3.798151] Initializing cgroup subsys net_cls
[    3.799094] Initializing cgroup subsys perf_event
[    3.800082] Initializing cgroup subsys net_prio
[    3.847465] Initializing cgroup subsys hugetlb
[    3.905145] Initializing cgroup subsys pids
[    3.941409] CPU: Physical Processor ID: 0
[    3.942282] CPU: Processor Core ID: 0
[    3.995366] mce: CPU supports 0 MCE banks
[    4.060834] Last level iTLB entries: 4KB 64, 2MB 8, 4MB 8
[    4.131429] Last level dTLB entries: 4KB 64, 2MB 0, 4MB 0, 1GB 4
[    4.208296] Freeing SMP alternatives memory: 32K (ffffffff820b8000 - ffffffff820c0000)
[    4.309890] ftrace: allocating 32064 entries in 126 pages
[    4.412983] smpboot: APIC(0) Converting physical 0 to logical package 0
[    4.501731] smpboot: Max logical packages: 1
[    4.572572] x2apic enabled
[    4.603619] Switched APIC routing to physical x2apic.
[    4.615356] ..TIMER: vector=0x30 apic1=0 pin1=2 apic2=-1 pin2=-1
[    4.780998] smpboot: CPU0: Intel(R) Core(TM) i5-6267U CPU @ 2.90GHz (family: 0x6, model: 0x4e, stepping: 0x3)
[    4.899173] Performance Events: unsupported p6 CPU model 78 no PMU driver, software events only.
[    4.998736] KVM setup paravirtual spinlock
[    5.055986] x86: Booting SMP configuration:
[    5.129594] .... node  #0, CPUs:      #1
[    5.174950] kvm-clock: cpu 1, msr 0:3ffe3041, secondary cpu clock
[    5.176978] mce: CPU supports 0 MCE banks
[    5.179560] x86: Booted up 1 node, 2 CPUs
[    5.213060] smpboot: Total of 2 processors activated (11615.99 BogoMIPS)
[    5.270807] devtmpfs: initialized
[    5.312812] evm: security.selinux
[    5.365335] evm: security.SMACK64
[    5.415940] evm: security.SMACK64EXEC
[    5.445656] evm: security.SMACK64TRANSMUTE
[    5.473164] evm: security.SMACK64MMAP
[    5.474095] evm: security.ima
[    5.474863] evm: security.capability
[    5.528860] clocksource: jiffies: mask: 0xffffffff max_cycles: 0xffffffff, max_idle_ns: 7645041785100000 ns
[    5.622279] pinctrl core: initialized pinctrl subsystem
[    5.678551] RTC time: 21:57:36, date: 02/04/17
[    5.736450] NET: Registered protocol family 16
[    5.793019] cpuidle: using governor ladder
[    5.836971] cpuidle: using governor menu
[    5.852643] PCCT header not found.
[    5.856001] ACPI: bus type PCI registered
[    5.857171] acpiphp: ACPI Hot Plug PCI Controller Driver version: 0.5
[    5.902800] PCI: Using configuration type 1 for base access
[    5.942989] ACPI: Added _OSI(Module Device)
[    5.957088] ACPI: Added _OSI(Processor Device)
[    5.980367] ACPI: Added _OSI(3.0 _SCP Extensions)
[    5.981514] ACPI: Added _OSI(Processor Aggregator Device)
[    5.996375] ACPI: Executed 1 blocks of module-level executable AML code
[    6.030144] ACPI: Interpreter enabled
[    6.035195] ACPI: (supports S0 S5)
[    6.051160] ACPI: Using IOAPIC for interrupt routing
[    6.063764] PCI: Using host bridge windows from ACPI; if necessary, use "pci=nocrs" and report a bug
[    6.077321] ACPI: PCI Root Bridge [PCI0] (domain 0000 [bus 00-ff])
[    6.086809] acpi PNP0A03:00: _OSC: OS supports [ASPM ClockPM Segments MSI]
[    6.097428] acpi PNP0A03:00: _OSC failed (AE_NOT_FOUND); disabling ASPM
[    6.107446] acpi PNP0A03:00: fail to add MMCONFIG information, can't access extended PCI configuration space under this bridge.
[    6.109851] PCI host bridge to bus 0000:00
[    6.111085] pci_bus 0000:00: root bus resource [io  0x0000-0x0cf7 window]
[    6.117952] pci_bus 0000:00: root bus resource [io  0x0d00-0xffff window]
[    6.119315] pci_bus 0000:00: root bus resource [mem 0x000a0000-0x000bffff window]
[    6.134057] pci_bus 0000:00: root bus resource [mem 0x40000000-0xffdfffff window]
[    6.138099] pci_bus 0000:00: root bus resource [bus 00-ff]
[    6.140899] pci 0000:00:01.1: legacy IDE quirk: reg 0x10: [io  0x01f0-0x01f7]
[    6.151123] pci 0000:00:01.1: legacy IDE quirk: reg 0x14: [io  0x03f6]
[    6.174712] pci 0000:00:01.1: legacy IDE quirk: reg 0x18: [io  0x0170-0x0177]
[    6.188364] pci 0000:00:01.1: legacy IDE quirk: reg 0x1c: [io  0x0376]
[    6.207827] pci 0000:00:07.0: quirk: [io  0x4000-0x403f] claimed by PIIX4 ACPI
[    6.221899] pci 0000:00:07.0: quirk: [io  0x4100-0x410f] claimed by PIIX4 SMB
[    6.285799] ACPI: PCI Interrupt Link [LNKA] (IRQs 5 9 10 *11)
[    6.302034] ACPI: PCI Interrupt Link [LNKB] (IRQs 5 9 10 *11)
[    6.342569] ACPI: PCI Interrupt Link [LNKC] (IRQs 5 9 *10 11)
[    6.378191] ACPI: PCI Interrupt Link [LNKD] (IRQs 5 *9 10 11)
[    6.396271] ACPI: Enabled 2 GPEs in block 00 to 07
[    6.404830] vgaarb: setting as boot device: PCI:0000:00:02.0
[    6.419577] vgaarb: device added: PCI:0000:00:02.0,decodes=io+mem,owns=io+mem,locks=none
[    6.484140] vgaarb: loaded
[    6.503858] vgaarb: bridge control possible 0000:00:02.0
[    6.525099] SCSI subsystem initialized
[    6.531934] ACPI: bus type USB registered
[    6.550543] usbcore: registered new interface driver usbfs
[    6.552036] usbcore: registered new interface driver hub
[    6.558777] usbcore: registered new device driver usb
[    6.592494] PCI: Using ACPI for IRQ routing
[    6.604195] NetLabel: Initializing
[    6.617942] NetLabel:  domain hash size = 128
[    6.625860] NetLabel:  protocols = UNLABELED CIPSOv4
[    6.640294] NetLabel:  unlabeled traffic allowed by default
[    6.670655] amd_nb: Cannot enumerate AMD northbridges
[    6.679539] clocksource: Switched to clocksource kvm-clock
[    6.692415] AppArmor: AppArmor Filesystem Enabled
[    6.747821] pnp: PnP ACPI init
[    6.815054] pnp: PnP ACPI: found 3 devices
[    6.941904] clocksource: acpi_pm: mask: 0xffffff max_cycles: 0xffffff, max_idle_ns: 2085701024 ns
[    7.173173] NET: Registered protocol family 2
[    7.267113] TCP established hash table entries: 8192 (order: 4, 65536 bytes)
[    7.338309] TCP bind hash table entries: 8192 (order: 5, 131072 bytes)
[    7.480005] TCP: Hash tables configured (established 8192 bind 8192)
[    7.619184] UDP hash table entries: 512 (order: 2, 16384 bytes)
[    7.726607] UDP-Lite hash table entries: 512 (order: 2, 16384 bytes)
[    7.823535] NET: Registered protocol family 1
[    7.927594] pci 0000:00:00.0: Limiting direct PCI/PCI transfers
[    8.057202] pci 0000:00:01.0: Activating ISA DMA hang workarounds
[    8.178805] Trying to unpack rootfs image as initramfs...
[   10.033272] Freeing initrd memory: 10512K (ffff880036b68000 - ffff8800375ac000)
[   10.166432] platform rtc_cmos: registered platform RTC device (no PNP device found)
[   10.168128] Scanning for low memory corruption every 60 seconds
[   10.303838] futex hash table entries: 512 (order: 3, 32768 bytes)
[   10.380509] audit: initializing netlink subsys (disabled)
[   10.458176] audit: type=2000 audit(1486245459.469:1): initialized
[   10.537787] Initialise system trusted keyring
[   10.621692] HugeTLB registered 2 MB page size, pre-allocated 0 pages
[   10.731167] zbud: loaded
[   10.789428] VFS: Disk quotas dquot_6.6.0
[   10.842044] VFS: Dquot-cache hash table entries: 512 (order 0, 4096 bytes)
[   10.895938] squashfs: version 4.0 (2009/01/31) Phillip Lougher
[   11.020474] fuse init (API version 7.23)
[   11.102047] Key type big_key registered
[   11.202848] tsc: Refined TSC clocksource calibration: 2903.999 MHz
[   11.326177] clocksource: tsc: mask: 0xffffffffffffffff max_cycles: 0x29dc050a48e, max_idle_ns: 440795325698 ns
[   11.326389] Allocating IMA MOK and blacklist keyrings.
[   11.326800] Key type asymmetric registered
[   11.326809] Asymmetric key parser 'x509' registered
[   11.326870] Block layer SCSI generic (bsg) driver version 0.4 loaded (major 249)
[   11.326904] io scheduler noop registered
[   11.326907] io scheduler deadline registered (default)
[   11.326943] io scheduler cfq registered
[   11.327046] pci_hotplug: PCI Hot Plug PCI Core version: 0.5
[   11.327052] pciehp: PCI Express Hot Plug Controller Driver version: 0.4
[   11.327388] ACPI: AC Adapter [AC] (on-line)
[   11.327455] input: Power Button as /devices/LNXSYSTM:00/LNXPWRBN:00/input/input0
[   11.327457] ACPI: Power Button [PWRF]
[   11.327540] input: Sleep Button as /devices/LNXSYSTM:00/LNXSLPBN:00/input/input1
[   11.327542] ACPI: Sleep Button [SLPF]
[   11.327733] GHES: HEST is not enabled!
[   11.328781] ACPI: Battery Slot [BAT0] (battery present)
[   11.328836] Serial: 8250/16550 driver, 32 ports, IRQ sharing enabled
[   11.613934] 00:02: ttyS0 at I/O 0x3f8 (irq = 4, base_baud = 115200) is a 16550A
[   11.709282] Linux agpgart interface v0.103
[   11.756889] brd: module loaded
[   11.757896] loop: module loaded
[   11.758553] scsi host0: ata_piix
[   11.758614] scsi host1: ata_piix
[   11.758666] ata1: PATA max UDMA/33 cmd 0x1f0 ctl 0x3f6 bmdma 0xd000 irq 14
[   11.758667] ata2: PATA max UDMA/33 cmd 0x170 ctl 0x376 bmdma 0xd008 irq 15
[   11.758755] libphy: Fixed MDIO Bus: probed
[   11.758758] tun: Universal TUN/TAP device driver, 1.6
[   11.758759] tun: (C) 1999-2004 Max Krasnyansky <maxk@qualcomm.com>
[   11.759080] PPP generic driver version 2.4.2
[   11.759137] ehci_hcd: USB 2.0 'Enhanced' Host Controller (EHCI) Driver
[   11.759142] ehci-pci: EHCI PCI platform driver
[   11.759159] ehci-platform: EHCI generic platform driver
[   11.759166] ohci_hcd: USB 1.1 'Open' Host Controller (OHCI) Driver
[   11.759170] ohci-pci: OHCI PCI platform driver
[   11.759177] ohci-platform: OHCI generic platform driver
[   11.759183] uhci_hcd: USB Universal Host Controller Interface driver
[   11.759248] i8042: PNP: PS/2 Controller [PNP0303:PS2K,PNP0f03:PS2M] at 0x60,0x64 irq 1,12
[   11.805410] serio: i8042 KBD port at 0x60,0x64 irq 1
[   11.805415] serio: i8042 AUX port at 0x60,0x64 irq 12
[   11.805539] mousedev: PS/2 mouse device common for all mice
[   11.805799] rtc_cmos rtc_cmos: rtc core: registered rtc_cmos as rtc0
[   11.805847] rtc_cmos rtc_cmos: alarms up to one day, 114 bytes nvram
[   11.805852] i2c /dev entries driver
[   11.805902] device-mapper: uevent: version 1.0.3
[   11.805945] device-mapper: ioctl: 4.34.0-ioctl (2015-10-28) initialised: dm-devel@redhat.com
[   11.805959] ledtrig-cpu: registered to indicate activity on CPUs
[   11.806176] NET: Registered protocol family 10
[   11.806299] NET: Registered protocol family 17
[   11.806308] Key type dns_resolver registered
[   11.897972] microcode: CPU0 sig=0x406e3, pf=0x2, revision=0x0
[   11.898040] microcode: CPU1 sig=0x406e3, pf=0x2, revision=0x0
[   11.898095] microcode: Microcode Update Driver: v2.01 <tigran@aivazian.fsnet.co.uk>, Peter Oruba
[   11.898206] registered taskstats version 1
[   11.898221] Loading compiled-in X.509 certificates
[   11.898754] Loaded X.509 cert 'Build time autogenerated kernel key: 6ffa6bfaa152a74cd2b6aa1e188cb999d8f5632b'
[   11.898770] zswap: loaded using pool lzo/zbud
[   11.899966] Key type trusted registered
[   11.901996] Key type encrypted registered
[   11.902001] AppArmor: AppArmor sha1 policy hashing enabled
[   11.902003] ima: No TPM chip found, activating TPM-bypass!
[   11.902017] evm: HMAC attrs: 0x1
[   11.902234]   Magic number: 5:944:1004
[   11.902251] input input1: hash matches
[   11.956294] rtc_cmos rtc_cmos: setting system clock to 2017-02-04 21:57:42 UTC (1486245462)
[   11.956473] BIOS EDD facility v0.16 2004-Jun-25, 0 devices found
[   11.956474] EDD information not available.
[   12.101420] input: AT Translated Set 2 keyboard as /devices/platform/i8042/serio0/input/input2
[   15.031599] Freeing unused kernel memory: 1488K (ffffffff81f44000 - ffffffff820b8000)
[   15.085075] Write protecting the kernel read-only data: 14336k
[   15.112305] Freeing unused kernel memory: 1792K (ffff880001840000 - ffff880001a00000)
[   15.142345] Freeing unused kernel memory: 136K (ffff880001dde000 - ffff880001e00000)
Loading, please [   15.182617] random: systemd-udevd: uninitialized urandom read (16 bytes read, 5 bits of entropy available)
wait...
startin[   15.183425] random: udevadm: uninitialized urandom read (16 bytes read, 5 bits of entropy available)
g version 229
[   15.183468] random: udevadm: uninitialized urandom read (16 bytes read, 5 bits of entropy available)
[   15.183587] random: udevadm: uninitialized urandom read (16 bytes read, 5 bits of entropy available)
[   15.183631] random: udevadm: uninitialized urandom read (16 bytes read, 5 bits of entropy available)
[   15.183669] random: udevadm: uninitialized urandom read (16 bytes read, 5 bits of entropy available)
[   15.183749] random: udevadm: uninitialized urandom read (16 bytes read, 5 bits of entropy available)
[   15.183807] random: udevadm: uninitialized urandom read (16 bytes read, 5 bits of entropy available)
[   15.183841] random: udevadm: uninitialized urandom read (16 bytes read, 5 bits of entropy available)
[   15.183872] random: udevadm: uninitialized urandom read (16 bytes read, 5 bits of entropy available)
[   15.745480] Fusion MPT base driver 3.04.20
[   15.784665] Copyright (c) 1999-2008 LSI Corporation
[   15.809128] e1000: Intel(R) PRO/1000 Network Driver - version 7.3.21-k8-NAPI
[   15.817068] e1000: Copyright (c) 1999-2006 Intel Corporation.
[   15.834344] Fusion MPT SPI Host driver 3.04.20
[   15.865925] mptbase: ioc0: Initiating bringup
[   15.897480] AVX version of gcm_enc/dec engaged.
[   15.899310] AES CTR mode by8 optimization enabled
[   15.968411] ioc0: LSI53C1030 A0: Capabilities={Initiator}
[   16.098338] input: ImExPS/2 Generic Explorer Mouse as /devices/platform/i8042/serio1/input/input4
[   16.145652] scsi host2: ioc0: LSI53C1030 A0, FwRev=00000000h, Ports=1, MaxQ=256, IRQ=20
[   16.290477] scsi 2:0:0:0: Direct-Access     VBOX     HARDDISK         1.0  PQ: 0 ANSI: 5
[   16.298614] scsi target2:0:0: Beginning Domain Validation
[   16.302395] scsi target2:0:0: Domain Validation skipping write tests
[   16.308159] scsi target2:0:0: Ending Domain Validation
[   16.309347] scsi target2:0:0: asynchronous
[   16.311166] scsi 2:0:1:0: Direct-Access     VBOX     HARDDISK         1.0  PQ: 0 ANSI: 5
[   16.355705] scsi target2:0:1: Beginning Domain Validation
[   16.386183] scsi target2:0:1: Domain Validation skipping write tests
[   16.414416] scsi target2:0:1: Ending Domain Validation
[   16.459633] scsi target2:0:1: asynchronous
[   16.590711] sd 2:0:0:0: Attached scsi generic sg0 type 0
[   16.651652] sd 2:0:0:0: [sda] 20971520 512-byte logical blocks: (10.7 GB/10.0 GiB)
[   16.667766] sd 2:0:0:0: [sda] Write Protect is off
[   16.718969] sd 2:0:1:0: Attached scsi generic sg1 type 0
[   16.725922] e1000 0000:00:03.0 eth0: (PCI:33MHz:32-bit) 02:6d:90:52:c7:b2
[   16.725930] e1000 0000:00:03.0 eth0: Intel(R) PRO/1000 Network Connection
[   16.820756] sd 2:0:1:0: [sdb] 20480 512-byte logical blocks: (10.5 MB/10.0 MiB)
[   16.820788] sd 2:0:0:0: [sda] Incomplete mode parameter data
[   16.820789] sd 2:0:0:0: [sda] Assuming drive cache: write through
[   16.821454] e1000 0000:00:03.0 enp0s3: renamed from eth0
[   17.197760] sd 2:0:1:0: [sdb] Write Protect is off
[   17.199309] sd 2:0:1:0: [sdb] Incomplete mode parameter data
[   17.254805] sd 2:0:1:0: [sdb] Assuming drive cache: write through
[   17.345206]  sda: sda1
[   17.366493] sd 2:0:1:0: [sdb] Attached SCSI disk
[   17.422080] sd 2:0:0:0: [sda] Attached SCSI disk
[   18.912516] floppy0: no floppy controllers found
Begin: Loading e[   20.315050] md: linear personality registered for level -1
ssential drivers[   20.368978] md: multipath personality registered for level -4
 ... [   20.413025] md: raid0 personality registered for level 0
[   20.417346] md: raid1 personality registered for level 1
[   20.487610] raid6: sse2x1   gen()  2404 MB/s
[   20.559586] raid6: sse2x1   xor()  4681 MB/s
[   20.635566] raid6: sse2x2   gen()  9498 MB/s
[   20.711561] raid6: sse2x2   xor()  6144 MB/s
[   20.787584] raid6: sse2x4   gen() 10527 MB/s
[   20.920051] raid6: sse2x4   xor()  8029 MB/s
[   20.954690] raid6: using algorithm sse2x4 gen() 10527 MB/s
[   21.074827] raid6: .... xor() 8029 MB/s, rmw enabled
[   21.171905] raid6: using ssse3x2 recovery algorithm
[   21.204999] xor: automatically using best checksumming function:
[   21.355569]    avx       : 23126.000 MB/sec
[   21.402758] async_tx: api initialized (async)
[   21.442093] md: raid6 personality registered for level 6
[   21.483464] md: raid5 personality registered for level 5
[   21.540594] md: raid4 personality registered for level 4
[   21.611867] md: raid10 personality registered for level 10
done.
Begin: Running /scripts/init-premount ... done.
Begin: Mounting root file system ... Begin: Running /scripts/local-top ... done.
Begin: Running /scripts/loc[   21.661896] Btrfs loaded
al-premount ... Scanning for Btrfs filesystems
done.
Warning: fsck not present, so sk[   21.715009] EXT4-fs (sda1): mounted filesystem with ordered data mode. Opts: (null)
ipping root file system
done.
Begin: Running /scripts/local-bottom ... done.
Begin: Running /scripts/init-bottom ... done.
[   21.835702] systemd[1]: systemd 229 running in system mode. (+PAM +AUDIT +SELINUX +IMA +APPARMOR +SMACK +SYSVINIT +UTMP +LIBCRYPTSETUP +GCRYPT +GNUTLS +ACL +XZ -LZ4 +SECCOMP +BLKID +ELFUTILS +KMOD -IDN)
[   21.895099] systemd[1]: Detected virtualization oracle.
[   21.908834] systemd[1]: Detected architecture x86-64.

Welcome to [1mUbuntu 16.04.1 LTS[0m!

[   22.005348] systemd[1]: Set hostname to <ubuntu>.
[   22.053285] systemd[1]: Initializing machine ID from random generator.
[   22.067907] systemd[1]: Installed transient /etc/machine-id file.
[   22.217378] systemd[1]: Reached target Encrypted Volumes.
[[0;32m  OK  [0m] Reached target Encrypted Volumes.
[   22.352055] systemd[1]: Listening on Journal Socket.
[[0;32m  OK  [0m] Listening on Journal Socket.
[   22.414423] systemd[1]: Reached target User and Group Name Lookups.
[[0;32m  OK  [0m] Reached target User and Group Name Lookups.
[   22.501629] systemd[1]: Listening on udev Kernel Socket.
[[0;32m  OK  [0m] Listening on udev Kernel Socket.
[   22.600211] systemd[1]: Reached target Swap.
[[0;32m  OK  [0m] Reached target Swap.
[   22.652103] systemd[1]: Listening on Syslog Socket.
[[0;32m  OK  [0m] Listening on Syslog Socket.
[   22.687020] systemd[1]: Set up automount Arbitrary Executable File Formats File System Automount Point.
[[0;32m  OK  [0m] Set up automount Arbitrary Executab...ats File System Automount Point.
[   22.800266] systemd[1]: Listening on LVM2 poll daemon socket.
[[0;32m  OK  [0m] Listening on LVM2 poll daemon socket.
[   22.943919] systemd[1]: Started Forward Password Requests to Wall Directory Watch.
[[0;32m  OK  [0m] Started Forward Password Requests to Wall Directory Watch.
[   23.056533] systemd[1]: Listening on Journal Audit Socket.
[[0;32m  OK  [0m] Listening on Journal Audit Socket.
[   23.112178] systemd[1]: Listening on Device-mapper event daemon FIFOs.
[[0;32m  OK  [0m] Listening on Device-mapper event daemon FIFOs.
[   23.163972] systemd[1]: Listening on LVM2 metadata daemon socket.
[[0;32m  OK  [0m] Listening on LVM2 metadata daemon socket.
[   23.252106] systemd[1]: Listening on Journal Socket (/dev/log).
[[0;32m  OK  [0m] Listening on Journal Socket (/dev/log).
[   23.332037] systemd[1]: Listening on udev Control Socket.
[[0;32m  OK  [0m] Listening on udev Control Socket.
[   23.392754] systemd[1]: Created slice System Slice.
[[0;32m  OK  [0m] Created slice System Slice.
[   23.460020] systemd[1]: Starting Remount Root and Kernel File Systems...
[   23.464944] EXT4-fs (sda1): re-mounted. Opts: (null)
         Starting Remount Root and Kernel File Systems...
[   23.504844] systemd[1]: Created slice system-serial\x2dgetty.slice.
[[0;32m  OK  [0m] Created slice system-serial\x2dgetty.slice.
[   23.615979] systemd[1]: Starting Monitoring of LVM2 mirrors, snapshots etc. using dmeventd or progress polling...
         Starting Monitoring of LVM2 mirrors... dmeventd or progress polling...
[   23.671948] systemd[1]: Starting Set console keymap...
[   23.672829] random: nonblocking pool is initialized
         Starting Set console keymap...
[   23.714969] systemd[1]: Starting Nameserver information manager...
         Starting Nameserver information manager...
[   23.792539] systemd[1]: Starting Journal Service...
         Starting Journal Service...
[   23.871702] systemd[1]: Mounting Debug File System...
         Mounting Debug File System...
[   23.973700] systemd[1]: Mounting POSIX Message Queue File System...
         Mounting POSIX Message Queue File System...
[   24.135892] systemd[1]: Mounting Huge Pages File System...
         Mounting Huge Pages File System...
[   24.240386] systemd[1]: Starting Uncomplicated firewall...
         Starting Uncomplicated firewall...
[   24.335933] systemd[1]: Starting Load Kernel Modules...
[   24.352402] Loading iSCSI transport class v2.0-870.
         Startin[   24.439305] iscsi: registered transport (tcp)
g Load Kernel Modules...
[   24.509579] iscsi: registered transport (iser)
[   24.612314] systemd[1]: Starting Create list of required static device nodes for the current kernel...
         Starting Create list of required st... nodes for the current kernel...
[   24.714509] systemd[1]: Created slice User and Session Slice.
[[0;32m  OK  [0m] Created slice User and Session Slice.
[   24.859928] systemd[1]: Reached target Slices.
[[0;32m  OK  [0m] Reached target Slices.
[   24.924368] systemd[1]: Listening on /dev/initctl Compatibility Named Pipe.
[[0;32m  OK  [0m] Listening on /dev/initctl Compatibility Named Pipe.
[   25.016957] systemd[1]: Mounted Debug File System.
[[0;32m  OK  [0m] Mounted Debug File System.
[   25.112212] systemd[1]: Mounted POSIX Message Queue File System.
[[0;32m  OK  [0m] Mounted POSIX Message Queue File System.
[   25.248137] systemd[1]: Mounted Huge Pages File System.
[[0;32m  OK  [0m] Mounted Huge Pages File System.
[   25.348376] systemd[1]: Started Journal Service.
[[0;32m  OK  [0m] Started Journal Service.
[[0;32m  OK  [0m] Started Remount Root and Kernel File Systems.
[[0;32m  OK  [0m] Started Set console keymap.
[[0;32m  OK  [0m] Started Uncomplicated firewall.
[[0;32m  OK  [0m] Started Load Kernel Modules.
[[0;32m  OK  [0m] Started Create list of required sta...ce nodes for the current kernel.
[[0;32m  OK  [0m] Started Nameserver information manager.
[[0;32m  OK  [0m] Started LVM2 metadata daemon.
         Starting Create Static Device Nodes in /dev...
         Starting Apply Kernel Variables...
         Mounting FUSE Control File System...
         Starting Load/Save Random Seed...
         Starting udev Coldplug all Devices...
         Starting Initial cloud-init job (pre-networking)...
         Starting Flush Journal to Persistent Storage...
[[0;32m  OK  [0m] Mounted FUSE Control File System.
[[0;32m  OK  [0m] Started Monitoring of LVM2 mirrors,...ng dmeventd or progress polling.
[[0;32m  OK  [0m] Started Create Static Device Nodes in /dev.
[[0;32m  OK  [0m] Started Apply Kernel Variables.
[[0;32m  OK  [0m] Started Load/Save Random Seed.
[[0;32m  OK  [0m] Started Flush Journal to Persistent Storage.
[[0;32m  OK  [0m] Started udev Coldplug all Devices.
         Starting udev Kernel Device Manager...
[[0;32m  OK  [0m] Started udev Kernel Device Manager.
[[0;32m  OK  [0m] Started Dispatch Password Requests to Console Directory Watch.
[[0;32m  OK  [0m] Reached target Local File Systems (Pre).
[[0;32m  OK  [0m] Reached target Local File Systems.
         Starting Commit a transient machine-id on disk...
         Starting Set console font and keymap...
         Starting Tell Plymouth To Write Out Runtime Data...
         Starting LSB: AppArmor initialization...
         Starting Create Volatile Files and Directories...
[[0;32m  OK  [0m] Started Commit a transient machine-id on disk.
[[0;32m  OK  [0m] Started Tell Plymouth To Write Out Runtime Data.
[[0;32m  OK  [0m] Started Create Volatile Files and Directories.
[[0;32m  OK  [0m] Found device /dev/ttyS0.
         Starting Update UTMP about System Boot/Shutdown...
[[0;32m  OK  [0m] Reached target System Time Synchronized.
[[0;32m  OK  [0m] Started Update UTMP about System Boot/Shutdown.
[   21.320291] cloud-init[486]: Cloud-init v. 0.7.8 running 'init-local' at Sat, 04 Feb 2017 21:57:57 +0000. Up 20.62 seconds.
[[0;32m  OK  [0m] Listening on Load/Save RF Kill Switch Status /dev/rfkill Watch.
[[0;32m  OK  [0m] Started Initial cloud-init job (pre-networking).
[[0;32m  OK  [0m] Reached target Network (Pre).
[[0;1;31mFAILED[0m] Failed to start Set console font and keymap.
See 'systemctl status console-setup.service' for details.
[[0;32m  OK  [0m] Started LSB: AppArmor initialization.
         Starting Raise network interfaces...
[[0;32m  OK  [0m] Created slice system-getty.slice.
[[0;32m  OK  [0m] Started Raise network interfaces.
[[0;32m  OK  [0m] Reached target Network.
         Starting Initial cloud-init job (metadata service crawler)...
[   24.823063] cloud-init[1016]: Cloud-init v. 0.7.8 running 'init' at Sat, 04 Feb 2017 21:58:00 +0000. Up 24.15 seconds.
[   24.884431] [cloud-init[0;32m  OK  [0m[1016]: ] ci-info: +++++++++++++++++++++++++++++++++++++Net device info++++++++++++++++++++++++++++++++++++++Started Initial cloud-init job (metadata service crawler).

[   24.885161] cloud-init[1016]: ci-info: +--------+------+----------------------------+---------------+-------+-------------------+
[   25.193060] [cloud-init[0;32m  OK  [0m[1016]: ] ci-info: | Device |  Up  |          Address           |      Mask     | Scope |     Hw-Address    |Reached target System Initialization.

[   25.328691]          cloud-initStarting Socket activation for snappy daemon.[1016]: 
ci-info: +--------+------+----------------------------+---------------+-------+-------------------+
[   25.488415] [cloud-init[0;32m  OK  [0m[1016]: ] ci-info: |   lo   | True |         127.0.0.1          |   255.0.0.0   |   .   |         .         |Listening on ACPID Listen Socket.

[[0;32m  OK  [0m] Started Daily Cleanup of Temporary Directories.
[[0;32m  OK  [0m] Started Trigger resolvconf update for networkd DNS.
[   25.489162] cloud-init[1016]: ci-info: |   lo   | True |          ::1/128           |       .       |  host |         .         |
[   25.824469] [cloud-init[0;32m  OK  [0m[1016]: ] ci-info: | enp0s3 | True |         10.0.2.15          | 255.255.255.0 |   .   | 02:6d:90:52:c7:b2 |Started ACPI Events Check.

[[0;32m  OK  [0m] Reached target Paths.
[   25.824990] cloud-init[1016]: ci-info: | enp0s3 | True | fe80::6d:90ff:fe52:c7b2/64 |       .       |  link | 02:6d:90:52:c7:b2 |
[   26.074879] [cloud-init[0;32m  OK  [0m[1016]: ] ci-info: +--------+------+----------------------------+---------------+-------+-------------------+Started Timer to automatically refresh installed snaps.

[   26.075503] cloud-init[1016]: ci-info: +++++++++++++++++++++++++++Route IPv4 info++++++++++++++++++++++++++++
         Starting LXD - unix socket.
[   26.344964] cloud-init[1016]: ci-info: +-------+-------------+----------+---------------+-----------+-------+
[[0;32m  OK  [0m] Listening on D-Bus System Message Bus Socket.
[[0;32m  OK  [0m] Listening on UUID daemon activation socket.
[[0;32m  OK  [0m] Started Daily apt activities.
[   26.381887] cloud-init[1016]: ci-info: | Route | Destination | Gateway  |    Genmask    | Interface | Flags |
[   26.700743] [cloud-init[0;32m  OK  [0m[1016]: ] ci-info: +-------+-------------+----------+---------------+-----------+-------+Reached target Timers.

[   26.844543] [cloud-init[0;32m  OK  [0m[1016]: ] ci-info: |   0   |   0.0.0.0   | 10.0.2.2 |    0.0.0.0    |   enp0s3  |   UG  |Reached target Cloud-config availability.

[[0;32m  OK  [0m] Reached target Network is Online.
[   26.845095] cloud-init[1016]: ci-info: |   1   |   10.0.2.0  | 0.0.0.0  | 255.255.255.0 |   enp0s3  |   U   |
[   27.088488]          cloud-initStarting iSCSI initiator daemon (iscsid)...[1016]: 
ci-info: +-------+-------------+----------+---------------+-----------+-------+
[   27.260968] [cloud-init[0;32m  OK  [0m[1016]: ] Generating public/private rsa key pair.Listening on Socket activation for snappy daemon.

[[0;32m  OK  [0m] Listening on LXD - unix socket.
[   27.261484] cloud-init[1016]: Your identification has been saved in /etc/ssh/ssh_host_rsa_key.
[   27.425932] [cloud-init[0;32m  OK  [0m[1016]: ] Your public key has been saved in /etc/ssh/ssh_host_rsa_key.pub.Started iSCSI initiator daemon (iscsid).

[   27.548759]          cloud-initStarting Login to default iSCSI targets...[1016]: 
The key fingerprint is:
[   27.648704] [cloud-init[0;32m  OK  [0m[1016]: ] SHA256:+hp9QTeFlEMXZbOcvpR0iItg/NEs1es38G/wKYZYqq8 root@ubuntu-xenialReached target Sockets.

[   27.686606] [cloud-init[0;32m  OK  [0m[1016]: ] The key's randomart image is:Reached target Basic System.

[   27.687080] cloud-init[1016]: +---[RSA 2048]----+
[   27.772887] [cloud-init[0;32m  OK  [0m[1016]: ] |           o++++o|Started FUSE filesystem for LXC.

[   27.773573] cloud-init[1016]: |       .   +++oo+|
[   27.870861] [cloud-init[0;32m  OK  [0m[1016]: ] |        + + *..*.|Started Regular background program processing daemon.

[   27.871393] cloud-init[1016]: |       . + = ++ o|
[   27.978203]          cloud-initStarting LSB: MD monitoring daemon...[1016]: 
|        S + ..o+ |
[   27.979094] cloud-init[1016]: |       o   o  +oo|
[   28.068662] cloud-init[1016]: |      o . = .  =+|
[[0;32m  OK  [0m] Started Deferred execution scheduler.
[   28.069349] cloud-init[1016]: |       o + . o .+|
         Starting Accounts Service...
[   28.167446] cloud-init[1016]: |      .E=.  . .. |
         Starting Apply the settings specified in cloud-config...
[   28.226575] cloud-init[1016]: +----[SHA256]-----+
[   28.296369] cloud-init[1016]: Generating public/private dsa key pair.
         Starting LSB: Record successful boot for GRUB...
[   28.297292] cloud-init[1016]: Your identification has been saved in /etc/ssh/ssh_host_dsa_key.
         Starting System Logging Service...
[   28.480808] cloud-init[1016]: Your public key has been saved in /etc/ssh/ssh_host_dsa_key.pub.
[   28.543386] cloud-init[1016]: The key fingerprint is:
[[0;32m  OK  [0m] Started ACPI event daemon.
[   28.594893] cloud-init[1016]: SHA256:Bwltlx+UcAgghI8068W36+4117Qke7mCfYhr+xpWRnI root@ubuntu-xenial
[   28.680476] cloud-init[1016]: The key's randomart image is:
         Starting /etc/rc.local Compatibility...
[   28.691699] cloud-init[1016]: +---[DSA 1024]----+
[   28.727061] cloud-init[1016]: |   oo oo...=o.   |
[   28.753693] cloud-init[1016]: |  +  . .o.+.o    |
[[0;32m  OK  [0m] Started D-Bus System Message Bus.
[   28.784666] cloud-init[1016]: | . *   .+.E. .   |
[   28.831270] cloud-init[1016]: |  o + .  =  .    |
[   28.844250] cloud-init[1016]: | . . . .S = o    |
[   28.876753] cloud-init[1016]: |  .   .  + * o   |
[   28.877184]          cloud-initStarting Pollinate to seed the pseudo random number generator...[1016]: 
|       .=+o.=    |
[   28.877613] cloud-init[1016]: |      .o+++...   |
[   28.922954] cloud-init[1016]: |     ++.+=.o.    |
[   28.933539] cloud-init[1016]: +----[SHA256]-----+
[   28.935088] cloud-init[1016]: Generating public/private ecdsa key pair.
         Starting LXD - container startup/shutdown...
[   28.935476] cloud-init[1016]: Your identification has been saved in /etc/ssh/ssh_host_ecdsa_key.
[   28.982602] cloud-init[1016]: Your public key has been saved in /etc/ssh/ssh_host_ecdsa_key.pub.
[   28.982792] cloud-init[1016]: The key fingerprint is:
         Starting Login Service...
[   28.983523] cloud-init[1016]: SHA256:sXghsOWNHc1ou8YgfgqFbagZc5p388/n6sqoQdR9/jE root@ubuntu-xenial
[   29.023583] cloud-init[1016]: The key's randomart image is:
[[   29.151968] cloud-init[1016]: +---[ECDSA 256]---+
[0;32m  OK  [0m] Started Snappy daemon.
[   29.154073] cloud-init[1016]: |    . . .+       |
[   29.234295] cloud-init[1016]: |   . * +o.o      |
         Starting Auto import assertions from block devices...
[   29.235048] cloud-init[1016]: |  .+o =.*.       |
[   29.330915] cloud-init[1016]: |o.+ = .=.+       |
[[0;32m  OK  [0m] Started System Logging Service.
[   29.331717] cloud-init[1016]: | O.+ ..oS.E      |
[   29.440738] cloud-init[1016]: |=.o + ..+. o     |
[[0;32m  OK  [0m] Started /etc/rc.local Compatibility.
[   29.441185] cloud-init[1016]: | ..o = .  .      |
[   29.520807] cloud-init[1016]: |   ..o..  .      |
[[   29.560747] cloud-init[1016]: |  ... o+=+.      |
[0;32m  OK  [0m] Started LXD - container startup/shutdown.
[   29.561594] cloud-init[1016]: +----[SHA256]-----+
[[   29.636873] cloud-init[1016]: Generating public/private ed25519 key pair.
[0;32m  OK  [0m] Started Auto import assertions from block devices.
[   29.637486] cloud-init[1016]: Your identification has been saved in /etc/ssh/ssh_host_ed25519_key.
[   29.744519] cloud-init[1016]: Your public key has been saved in /etc/ssh/ssh_host_ed25519_key.pub.
[   29.744994] cloud-init[1016]: The key fingerprint is:
[[0;32m  OK  [0m] Started Login to default iSCSI targets.
[   29.825014] cloud-init[1016]: SHA256:Xo6ot/0zwcYbXg64t/atDfVX3J0/28zbyHdPeoPuKNo root@ubuntu-xenial
[   29.825267] cloud-init[1016]: The key's randomart image is:
[[0;32m  OK  [0m] Started LSB: MD monitoring daemon.
[   29.825445] cloud-init[1016]: +--[ED25519 256]--+
[   29.957852] cloud-init[1016]: |                 |
[   29.958052] cloud-init[1016]: |                 |
[[0;32m  OK  [0m] Started LSB: Record successful boot for GRUB.
[   29.958564] cloud-init[1016]: |                 |
[   29.975339] cloud-init[1016]: |               .+|
[   30.008637] cloud-init[1016]: |        S+.   ..=|
[   30.036651] cloud-init[1016]: |       o.+B .. .o|
[   30.060523] cloud-init[1016]: |      . o+.B. ..=|
         Starting Authenticate and Authorize Users to Run Privileged Tasks...
[[   30.061504] cloud-init[1016]: |     ...o.B o* BX|
[0;32m  OK  [0m] Reached target Remote File Systems (Pre).
[[   30.095937] cloud-init[1016]: |    ...ooE+*=+*=@|
[0;32m  OK  [0m] Reached target Remote File Systems.
[   30.151139] cloud-init[1016]: +----[SHA256]-----+
         Starting Permit User Sessions...
[   30.257094] cloud-init[1133]: Generating locales (this might take a while)...
         Starting LSB: VirtualBox Linux Additions...
[   30.290729]          cloud-initStarting LSB: daemon to balance interrupts for SMP systems...[1133]: 
  en_US.UTF-8... done
[   30.341837]          cloud-initStarting LSB: automatic crash report generation...[1133]: 
Generation complete.
         Starting LSB: Set the CPU Frequency Scaling governor to "ondemand"...
[[0;32m  OK  [0m] Started Permit User Sessions.
[[0;32m  OK  [0m] Started Login Service.
[[0;32m  OK  [0m] Started Authenticate and Authorize Users to Run Privileged Tasks.
[[0;32m  OK  [0m] Started Accounts Service.
         Starting Hold until boot process finishes up...
         Starting Terminate Plymouth Boot Screen...
[[0;32m  OK  [0m] Started LSB: daemon to balance interrupts for SMP systems.
[[0;32m  OK  [0m] Started LSB: VirtualBox Linux Additions.
[[0;32m  OK  [0m] Started LSB: automatic crash report generation.
[[0;32m  OK  [0m] Started LSB: Set the CPU Frequency Scaling governor to "ondemand".
[[0;32m  OK  [0m] Started Hold until boot process finishes up.
[[0;32m  OK  [0m] Started Terminate Plymouth Boot Screen.
[[0;32m  OK  [0m] Stopped OpenBSD Secure Shell server.
         Starting OpenBSD Secure Shell server...
         Starting Set console scheme...
[[0;32m  OK  [0m] Started Getty on tty1.
[[0;32m  OK  [0m] Started Serial Getty on ttyS0.
[[0;32m  OK  [0m] Reached target Login Prompts.
[[0;32m  OK  [0m] Started OpenBSD Secure Shell server.
[[0;32m  OK  [0m] Started Set console scheme.
[[0;32m  OK  [0m] Created slice User Slice of ubuntu.
         Starting User Manager for UID 1000...
[[0;32m  OK  [0m] Started Session 1 of user ubuntu.
[[0;32m  OK  [0m] Started User Manager for UID 1000.
[[0;32m  OK  [0m] Started Pollinate to seed the pseudo random number generator.
[[0;32m  OK  [0m] Reached target Multi-User System.
[[0;32m  OK  [0m] Reached target Graphical Interface.
         Starting Update UTMP about System Runlevel Changes...
[   31.182409] cloud-init[1133]: Cloud-init v. 0.7.8 running 'modules:config' at Sat, 04 Feb 2017 21:58:05 +0000. Up 28.52 seconds.
[[0;32m  OK  [0m] Started Apply the settings specified in cloud-config.
[[0;32m  OK  [0m] Started Update UTMP about System Runlevel Changes.
         Starting Execute cloud user/final scripts...
ci-info: no authorized ssh keys fingerprints found for user ubuntu.
<14>Feb  4 21:58:08 ec2: 
<14>Feb  4 21:58:08 ec2: #############################################################
<14>Feb  4 21:58:08 ec2: -----BEGIN SSH HOST KEY FINGERPRINTS-----
<14>Feb  4 21:58:08 ec2: 1024 SHA256:Bwltlx+UcAgghI8068W36+4117Qke7mCfYhr+xpWRnI root@ubuntu-xenial (DSA)
<14>Feb  4 21:58:08 ec2: 256 SHA256:sXghsOWNHc1ou8YgfgqFbagZc5p388/n6sqoQdR9/jE root@ubuntu-xenial (ECDSA)
<14>Feb  4 21:58:08 ec2: 256 SHA256:Xo6ot/0zwcYbXg64t/atDfVX3J0/28zbyHdPeoPuKNo root@ubuntu-xenial (ED25519)
<14>Feb  4 21:58:08 ec2: 2048 SHA256:+hp9QTeFlEMXZbOcvpR0iItg/NEs1es38G/wKYZYqq8 root@ubuntu-xenial (RSA)
<14>Feb  4 21:58:08 ec2: -----END SSH HOST KEY FINGERPRINTS-----
<14>Feb  4 21:58:08 ec2: #############################################################
-----BEGIN SSH HOST KEY KEYS-----
ecdsa-sha2-nistp256 AAAAE2VjZHNhLXNoYTItbmlzdHAyNTYAAAAIbmlzdHAyNTYAAABBBMsUDmf9gvDpnZsUtbXLi7fvWdau3UhVhjHZSCwCwTWxuhr2i/v7oL8sMhfxgDaUGvIAdz3nfw7Fyk6eVx5DMOs= root@ubuntu-xenial
ssh-ed25519 AAAAC3NzaC1lZDI1NTE5AAAAIAtL09XBXWjvWrJabyYsiGrWtn7Uy9GAYItMxC/I2Vda root@ubuntu-xenial
ssh-rsa AAAAB3NzaC1yc2EAAAADAQABAAABAQDC7wQXoKc/149BecJQqj6XFpBWdumcoDGWIpHaDg9l8R2fSPXo+aaMWgZZHOom6jiTQy/CiBep0GBZ09dhRNkI2qE04mqjlQW85aQn6WemzZO/8e3VQ+HUmx7KnONfybmjf0r6LGtJOwYNVXHpWKSQfhgPNxO3Hajw/5McjE8YC2IN4oDM7+3290Z0NROLSLMVRusYFAIsH+J0vs8O1hmy2JHSWpR0gdDub6zUzOqwuF/qlPCDCrcYOHSpYRmaW5hE2sv3g7xuVMBXV+l66Rzf2imYGVUy/G4BEmmfCEvFCnWdbZ4wS8fsVTgHC464moqN0SBQleuAe94Cw/6AgzwJ root@ubuntu-xenial
-----END SSH HOST KEY KEYS-----
[   32.435857] cloud-init[1387]: Cloud-init v. 0.7.8 running 'modules:final' at Sat, 04 Feb 2017 21:58:08 +0000. Up 31.88 seconds.
[   32.481769] cloud-init[1387]: ci-info: no authorized ssh keys fingerprints found for user ubuntu.
[   32.508333] cloud-init[1387]: Cloud-init v. 0.7.8 finished at Sat, 04 Feb 2017 21:58:09 +0000. Datasource DataSourceNoCloud [seed=/dev/sdb][dsmode=net].  Up 32.41 seconds
[[0;32m  OK  [0m] Started Execute cloud user/final scripts.
[[0;32m  OK  [0m] Reached target Cloud-init target.

Ubuntu 16.04.1 LTS ubuntu-xenial ttyS0

ubuntu-xenial login: [[0;32m  OK  [0m] Stopped target Graphical Interface.
         Stopping i         Stopping LSB: daemon to balance interrupts for SMP systems...
         Stopping FUSE filesystem for LXC...
         Stopping Regular background program processing daemon...
         Stopping LSB: Record successful boot for GRUB...
         Stopping LSB: automatic crash report generation...
         Stopping LSB: Set the CPU Frequency Scaling governor to "ondemand"...
         Stopping D-Bus System Message Bus...
         Stopping Snappy daemon...
[[0;32m  OK  [0m] Stopped Daily apt activities.
         Stopping LSB: VirtualBox Linux Additions...
[[0;32m  OK  [0m] Stopped Timer to automatically refresh installed snaps.
[[0;32m  OK  [0m] Stopped target System Time Synchronized.
         Stopping Getty on tty1...
         Stopping User Manager for UID 1000...
[[0;32m  OK  [0m] Unmounted /var/lib/lxcfs.
[[0;32m  OK  [0m] Stopped Regular background program processing daemon.
[[0;32m  OK  [0m] Stopped Deferred execution scheduler.
[[0;32m  OK  [0m] Stopped Accounts Service.
[[0;32m  OK  [0m] Stopped System Logging Service.
[[0;32m  OK  [0m] Stopped ACPI event daemon.
[[0;32m  OK  [0m] Stopped Snappy daemon.
[[0;32m  OK  [0m] Stopped Authenticate and Authorize Users to Run Privileged Tasks.
[[0;32m  OK  [0m] Stopped OpenBSD Secure Shell server.
[[0;32m  OK  [0m] Stopped Getty on tty1.
[[0;32m  OK  [0m] Stopped Serial Getty on ttyS0.
[[0;32m  OK  [0m] Stopped User Manager for UID 1000.
[[0;32m  OK  [0m] Stopped Session 10 of user ubuntu.
[[0;32m  OK  [0m] Stopped D-Bus System Message Bus.
[[0;32m  OK  [0m] Stopped FUSE filesystem for LXC.
[[0;32m  OK  [0m] Stopped LSB: MD monitoring daemon.
[[0;32m  OK  [0m] Stopped LXD - container startup/shutdown.
[[0;32m  OK  [0m] Stopped LSB: daemon to balance interrupts for SMP systems.
[[0;32m  OK  [0m] Stopped LSB: Record successful boot for GRUB.
[[0;32m  OK  [0m] Stopped LSB: automatic crash report generation.
[[0;32m  OK  [0m] Stopped LSB: Set the CPU Frequency Scaling governor to "ondemand".
[[0;32m  OK  [0m] Stopped LSB: VirtualBox Linux Additions.
[[0;32m  OK  [0m] Removed slice User Slice of ubuntu.
         Stopping Login Service...
[[0;32m  OK  [0m] Removed slice system-serial\x2dgetty.slice.
[[0;32m  OK  [0m] Removed slice system-getty.slice.
[[0;32m  OK  [0m] Stopped /etc/rc.local Compatibility.
         Stopping Permit User Sessions...
[[0;32m  OK  [0m] Stopped Login Service.
[[0;32m  OK  [0m] Stopped Permit User Sessions.
[[0;32m  OK  [0m] Stopped target Remote File Systems.
[[0;32m  OK  [0m] Stopped target Remote File Systems (Pre).
         Stopping Login to default iSCSI targets...
[[0;32m  OK  [0m] Stopped target User and Group Name Lookups.
[[0;32m  OK  [0m] Stopped target Basic System.
[[0;32m  OK  [0m] Stopped target Paths.
[[0;32m  OK  [0m] Stopped Forward Password Requests to Wall Directory Watch.
[[0;32m  OK  [0m] Stopped ACPI Events Check.
[[0;32m  OK  [0m] Stopped Dispatch Password Requests to Console Directory Watch.
[[0;32m  OK  [0m] Stopped Trigger resolvconf update for networkd DNS.
[[0;32m  OK  [0m] Stopped target Sockets.
[[0;32m  OK  [0m] Closed UUID daemon activation socket.
[[0;32m  OK  [0m] Closed Socket activation for snappy daemon.
[[0;32m  OK  [0m] Closed ACPID Listen Socket.
[[0;32m  OK  [0m] Closed LXD - unix socket.
[[0;32m  OK  [0m] Closed Syslog Socket.
[[0;32m  OK  [0m] Stopped target Slices.
[[0;32m  OK  [0m] Closed D-Bus System Message Bus Socket.
[[0;32m  OK  [0m] Removed slice User and Session Slice.
[[0;32m  OK  [0m] Stopped target System Initialization.
         Stopping Update UTMP about System Boot/Shutdown...
[[0;32m  OK  [0m] Stopped target Swap.
[[0;32m  OK  [0m] Stopped target Encrypted Volumes.
         Stopping Load/Save Random Seed...
[[0;32m  OK  [0m] Stopped Commit a transient machine-id on disk.
[[0;32m  OK  [0m] Stopped Load/Save Random Seed.
[[0;32m  OK  [0m] Stopped Login to default iSCSI targets.
[[0;32m  OK  [0m] Stopped Update UTMP about System Boot/Shutdown.
[[0;32m  OK  [0m] Stopped Create Volatile Files and Directories.
         Stopping iSCSI initiator daemon (iscsid)...
[[0;32m  OK  [0m] Stopped iSCSI initiator daemon (iscsid).
[[0;32m  OK  [0m] Stopped target Network is Online.
[[0;32m  OK  [0m] Stopped target Network.
[[0;32m  OK  [0m] Stopped Initial cloud-init job (metadata service crawler).
         Stopping Raise network interfaces...
[[0;32m  OK  [0m] Stopped Raise network interfaces.
[[0;32m  OK  [0m] Stopped target Network (Pre).
[[0;32m  OK  [0m] Stopped Initial cloud-init job (pre-networking).
[[0;32m  OK  [0m] Stopped Apply Kernel Variables.
[[0;32m  OK  [0m] Stopped Load Kernel Modules.
[[0;32m  OK  [0m] Stopped target Local File Systems.
         Unmounting /run/user/1000...
         Unmounting /vagrant...
         Starting Unattended Upgrades Shutdown...
[[0;32m  OK  [0m] Unmounted /run/user/1000.
[[0;32m  OK  [0m] Unmounted /vagrant.
[[0;32m  OK  [0m] Started Unattended Upgrades Shutdown.
[[0;32m  OK  [0m] Reached target Unmount All Filesystems.
[[0;32m  OK  [0m] Stopped target Local File Systems (Pre).
[[0;32m  OK  [0m] Stopped Create Static Device Nodes in /dev.
         Stopping Monitoring of LVM2 mirrors... dmeventd or progress polling...
[[0;32m  OK  [0m] Stopped Remount Root and Kernel File Systems.
[[0;32m  OK  [0m] Reached target Shutdown.
[17287.948432] reboot: Power down
